<?xml version="1.0"?>
<!DOCTYPE coverage SYSTEM "http://cobertura.sourceforge.net/xml/coverage-04.dtd">

<coverage line-rate="0.39557037389854727" branch-rate="0.32049180327868854" lines-covered="1661" lines-valid="4199" branches-covered="391" branches-valid="1220" complexity="2.9005524861878453" version="2.1.1" timestamp="1454706404038">
	<sources>
		<source>--source</source>
		<source>/home/travis/build/plt-tud/r43ples/src/main/java</source>
	</sources>
	<packages>
		<package name="de.tud.plt.r43ples.exception" line-rate="0.5" branch-rate="1.0" complexity="1.0">
			<classes>
				<class name="de.tud.plt.r43ples.exception.IdentifierAlreadyExistsException" filename="de/tud/plt/r43ples/exception/IdentifierAlreadyExistsException.java" line-rate="0.0" branch-rate="1.0" complexity="1.0">
					<methods>
						<method name="&lt;init&gt;" signature="(Ljava/lang/String;)V" line-rate="0.0" branch-rate="1.0" complexity="0">
							<lines>
								<line number="18" hits="0" branch="false"/>
								<line number="19" hits="0" branch="false"/>
							</lines>
						</method>
					</methods>
					<lines>
						<line number="18" hits="0" branch="false"/>
						<line number="19" hits="0" branch="false"/>
					</lines>
				</class>
				<class name="de.tud.plt.r43ples.exception.InternalErrorException" filename="de/tud/plt/r43ples/exception/InternalErrorException.java" line-rate="1.0" branch-rate="1.0" complexity="1.0">
					<methods>
						<method name="&lt;clinit&gt;" signature="()V" line-rate="1.0" branch-rate="1.0" complexity="0">
							<lines>
								<line number="15" hits="1" branch="false"/>
							</lines>
						</method>
						<method name="&lt;init&gt;" signature="(Ljava/lang/String;)V" line-rate="1.0" branch-rate="1.0" complexity="0">
							<lines>
								<line number="25" hits="14" branch="false"/>
								<line number="26" hits="14" branch="false"/>
								<line number="27" hits="14" branch="false"/>
							</lines>
						</method>
					</methods>
					<lines>
						<line number="15" hits="1" branch="false"/>
						<line number="25" hits="14" branch="false"/>
						<line number="26" hits="14" branch="false"/>
						<line number="27" hits="14" branch="false"/>
					</lines>
				</class>
				<class name="de.tud.plt.r43ples.exception.QueryErrorException" filename="de/tud/plt/r43ples/exception/QueryErrorException.java" line-rate="0.0" branch-rate="1.0" complexity="1.0">
					<methods>
						<method name="&lt;init&gt;" signature="(Ljava/lang/String;)V" line-rate="0.0" branch-rate="1.0" complexity="0">
							<lines>
								<line number="18" hits="0" branch="false"/>
								<line number="19" hits="0" branch="false"/>
							</lines>
						</method>
					</methods>
					<lines>
						<line number="18" hits="0" branch="false"/>
						<line number="19" hits="0" branch="false"/>
					</lines>
				</class>
			</classes>
		</package>
		<package name="de.tud.plt.r43ples.management" line-rate="0.8769601930036188" branch-rate="0.7205882352941176" complexity="3.1323529411764706">
			<classes>
				<class name="de.tud.plt.r43ples.management.Config" filename="de/tud/plt/r43ples/management/Config.java" line-rate="0.95" branch-rate="1.0" complexity="2.0">
					<methods>
						<method name="&lt;clinit&gt;" signature="()V" line-rate="1.0" branch-rate="1.0" complexity="0">
							<lines>
								<line number="50" hits="1" branch="false"/>
							</lines>
						</method>
						<method name="&lt;init&gt;" signature="()V" line-rate="0.0" branch-rate="1.0" complexity="0">
							<lines>
								<line number="16" hits="0" branch="false"/>
							</lines>
						</method>
						<method name="readConfig" signature="(Ljava/lang/String;)V" line-rate="1.0" branch-rate="1.0" complexity="0">
							<lines>
								<line number="62" hits="15" branch="false"/>
								<line number="64" hits="14" branch="false"/>
								<line number="65" hits="14" branch="false"/>
								<line number="66" hits="14" branch="false"/>
								<line number="67" hits="14" branch="false"/>
								<line number="69" hits="14" branch="false"/>
								<line number="70" hits="14" branch="false"/>
								<line number="71" hits="14" branch="false"/>
								<line number="73" hits="14" branch="false"/>
								<line number="74" hits="14" branch="false"/>
								<line number="76" hits="14" branch="false"/>
								<line number="78" hits="14" branch="false"/>
								<line number="79" hits="14" branch="false"/>
								<line number="81" hits="1" branch="false"/>
								<line number="82" hits="1" branch="false"/>
								<line number="83" hits="1" branch="false"/>
								<line number="84" hits="14" branch="false"/>
								<line number="85" hits="15" branch="false"/>
							</lines>
						</method>
					</methods>
					<lines>
						<line number="16" hits="0" branch="false"/>
						<line number="50" hits="1" branch="false"/>
						<line number="62" hits="15" branch="false"/>
						<line number="64" hits="14" branch="false"/>
						<line number="65" hits="14" branch="false"/>
						<line number="66" hits="14" branch="false"/>
						<line number="67" hits="14" branch="false"/>
						<line number="69" hits="14" branch="false"/>
						<line number="70" hits="14" branch="false"/>
						<line number="71" hits="14" branch="false"/>
						<line number="73" hits="14" branch="false"/>
						<line number="74" hits="14" branch="false"/>
						<line number="76" hits="14" branch="false"/>
						<line number="78" hits="14" branch="false"/>
						<line number="79" hits="14" branch="false"/>
						<line number="81" hits="1" branch="false"/>
						<line number="82" hits="1" branch="false"/>
						<line number="83" hits="1" branch="false"/>
						<line number="84" hits="14" branch="false"/>
						<line number="85" hits="15" branch="false"/>
					</lines>
				</class>
				<class name="de.tud.plt.r43ples.management.DataSetGenerationResult" filename="de/tud/plt/r43ples/management/DataSetGenerationResult.java" line-rate="0.0" branch-rate="1.0" complexity="0.0">
					<methods>
						<method name="&lt;init&gt;" signature="()V" line-rate="0.0" branch-rate="1.0" complexity="0">
							<lines>
								<line number="5" hits="0" branch="false"/>
								<line number="8" hits="0" branch="false"/>
							</lines>
						</method>
					</methods>
					<lines>
						<line number="5" hits="0" branch="false"/>
						<line number="8" hits="0" branch="false"/>
					</lines>
				</class>
				<class name="de.tud.plt.r43ples.management.DatasetGenerationManagement" filename="de/tud/plt/r43ples/management/DatasetGenerationManagement.java" line-rate="0.96" branch-rate="1.0" complexity="1.0">
					<methods>
						<method name="&lt;clinit&gt;" signature="()V" line-rate="1.0" branch-rate="1.0" complexity="0">
							<lines>
								<line number="19" hits="1" branch="false"/>
								<line number="21" hits="1" branch="false"/>
							</lines>
						</method>
						<method name="&lt;init&gt;" signature="()V" line-rate="0.0" branch-rate="1.0" complexity="0">
							<lines>
								<line number="16" hits="0" branch="false"/>
							</lines>
						</method>
						<method name="createNewBranch" signature="(Ljava/lang/String;Ljava/lang/String;Ljava/lang/String;Ljava/lang/String;Ljava/lang/String;)V" line-rate="1.0" branch-rate="1.0" complexity="0">
							<lines>
								<line number="54" hits="36" branch="false"/>
								<line number="58" hits="36" branch="false"/>
								<line number="59" hits="36" branch="false"/>
								<line number="60" hits="36" branch="false"/>
							</lines>
						</method>
						<method name="createNewGraph" signature="(Ljava/lang/String;)V" line-rate="1.0" branch-rate="1.0" complexity="0">
							<lines>
								<line number="32" hits="13" branch="false"/>
								<line number="33" hits="13" branch="false"/>
								<line number="36" hits="13" branch="false"/>
								<line number="37" hits="13" branch="false"/>
								<line number="39" hits="13" branch="false"/>
								<line number="40" hits="13" branch="false"/>
							</lines>
						</method>
						<method name="executeDeleteQuery" signature="(Ljava/lang/String;Ljava/lang/String;Ljava/lang/String;Ljava/lang/String;Ljava/lang/String;)V" line-rate="1.0" branch-rate="1.0" complexity="0">
							<lines>
								<line number="97" hits="10" branch="false"/>
								<line number="105" hits="10" branch="false"/>
								<line number="106" hits="10" branch="false"/>
							</lines>
						</method>
						<method name="executeDeleteWhereQuery" signature="(Ljava/lang/String;Ljava/lang/String;Ljava/lang/String;Ljava/lang/String;Ljava/lang/String;)V" line-rate="1.0" branch-rate="1.0" complexity="0">
							<lines>
								<line number="120" hits="2" branch="false"/>
								<line number="133" hits="2" branch="false"/>
								<line number="134" hits="2" branch="false"/>
							</lines>
						</method>
						<method name="executeInsertDeleteQuery" signature="(Ljava/lang/String;Ljava/lang/String;Ljava/lang/String;Ljava/lang/String;Ljava/lang/String;Ljava/lang/String;)V" line-rate="1.0" branch-rate="1.0" complexity="0">
							<lines>
								<line number="149" hits="56" branch="false"/>
								<line number="162" hits="56" branch="false"/>
								<line number="163" hits="56" branch="false"/>
							</lines>
						</method>
						<method name="executeInsertQuery" signature="(Ljava/lang/String;Ljava/lang/String;Ljava/lang/String;Ljava/lang/String;Ljava/lang/String;)V" line-rate="1.0" branch-rate="1.0" complexity="0">
							<lines>
								<line number="74" hits="48" branch="false"/>
								<line number="82" hits="48" branch="false"/>
								<line number="83" hits="48" branch="false"/>
							</lines>
						</method>
					</methods>
					<lines>
						<line number="16" hits="0" branch="false"/>
						<line number="19" hits="1" branch="false"/>
						<line number="21" hits="1" branch="false"/>
						<line number="32" hits="13" branch="false"/>
						<line number="33" hits="13" branch="false"/>
						<line number="36" hits="13" branch="false"/>
						<line number="37" hits="13" branch="false"/>
						<line number="39" hits="13" branch="false"/>
						<line number="40" hits="13" branch="false"/>
						<line number="54" hits="36" branch="false"/>
						<line number="58" hits="36" branch="false"/>
						<line number="59" hits="36" branch="false"/>
						<line number="60" hits="36" branch="false"/>
						<line number="74" hits="48" branch="false"/>
						<line number="82" hits="48" branch="false"/>
						<line number="83" hits="48" branch="false"/>
						<line number="97" hits="10" branch="false"/>
						<line number="105" hits="10" branch="false"/>
						<line number="106" hits="10" branch="false"/>
						<line number="120" hits="2" branch="false"/>
						<line number="133" hits="2" branch="false"/>
						<line number="134" hits="2" branch="false"/>
						<line number="149" hits="56" branch="false"/>
						<line number="162" hits="56" branch="false"/>
						<line number="163" hits="56" branch="false"/>
					</lines>
				</class>
				<class name="de.tud.plt.r43ples.management.GitRepositoryState" filename="de/tud/plt/r43ples/management/GitRepositoryState.java" line-rate="0.9166666666666666" branch-rate="1.0" complexity="2.0">
					<methods>
						<method name="&lt;clinit&gt;" signature="()V" line-rate="1.0" branch-rate="1.0" complexity="0">
							<lines>
								<line number="9" hits="1" branch="false"/>
							</lines>
						</method>
						<method name="&lt;init&gt;" signature="(Lorg/apache/commons/configuration/PropertiesConfiguration;)V" line-rate="1.0" branch-rate="1.0" complexity="0">
							<lines>
								<line number="29" hits="1" branch="false"/>
								<line number="30" hits="1" branch="false"/>
								<line number="31" hits="1" branch="false"/>
								<line number="32" hits="1" branch="false"/>
								<line number="33" hits="1" branch="false"/>
								<line number="34" hits="1" branch="false"/>
								<line number="35" hits="1" branch="false"/>
								<line number="36" hits="1" branch="false"/>
								<line number="37" hits="1" branch="false"/>
								<line number="38" hits="1" branch="false"/>
								<line number="39" hits="1" branch="false"/>
								<line number="40" hits="1" branch="false"/>
								<line number="41" hits="1" branch="false"/>
								<line number="42" hits="1" branch="false"/>
								<line number="43" hits="1" branch="false"/>
								<line number="44" hits="1" branch="false"/>
							</lines>
						</method>
						<method name="getGitRepositoryState" signature="()Lde/tud/plt/r43ples/management/GitRepositoryState;" line-rate="0.7142857142857143" branch-rate="1.0" complexity="0">
							<lines>
								<line number="50" hits="84" branch="true" condition-coverage="100% (2/2)">
									<conditions>
										<condition number="0" type="jump" coverage="100%"/>
									</conditions>
								</line>
								<line number="54" hits="1" branch="false"/>
								<line number="55" hits="1" branch="false"/>
								<line number="56" hits="0" branch="false"/>
								<line number="57" hits="0" branch="false"/>
								<line number="58" hits="1" branch="false"/>
								<line number="61" hits="84" branch="false"/>
							</lines>
						</method>
					</methods>
					<lines>
						<line number="9" hits="1" branch="false"/>
						<line number="29" hits="1" branch="false"/>
						<line number="30" hits="1" branch="false"/>
						<line number="31" hits="1" branch="false"/>
						<line number="32" hits="1" branch="false"/>
						<line number="33" hits="1" branch="false"/>
						<line number="34" hits="1" branch="false"/>
						<line number="35" hits="1" branch="false"/>
						<line number="36" hits="1" branch="false"/>
						<line number="37" hits="1" branch="false"/>
						<line number="38" hits="1" branch="false"/>
						<line number="39" hits="1" branch="false"/>
						<line number="40" hits="1" branch="false"/>
						<line number="41" hits="1" branch="false"/>
						<line number="42" hits="1" branch="false"/>
						<line number="43" hits="1" branch="false"/>
						<line number="44" hits="1" branch="false"/>
						<line number="50" hits="84" branch="true" condition-coverage="100% (2/2)">
							<conditions>
								<condition number="0" type="jump" coverage="100%"/>
							</conditions>
						</line>
						<line number="54" hits="1" branch="false"/>
						<line number="55" hits="1" branch="false"/>
						<line number="56" hits="0" branch="false"/>
						<line number="57" hits="0" branch="false"/>
						<line number="58" hits="1" branch="false"/>
						<line number="61" hits="84" branch="false"/>
					</lines>
				</class>
				<class name="de.tud.plt.r43ples.management.Interface" filename="de/tud/plt/r43ples/management/Interface.java" line-rate="0.8941798941798942" branch-rate="0.6976744186046512" complexity="8.714285714285714">
					<methods>
						<method name="&lt;clinit&gt;" signature="()V" line-rate="1.0" branch-rate="1.0" complexity="0">
							<lines>
								<line number="22" hits="1" branch="false"/>
							</lines>
						</method>
						<method name="&lt;init&gt;" signature="()V" line-rate="0.0" branch-rate="1.0" complexity="0">
							<lines>
								<line number="19" hits="0" branch="false"/>
							</lines>
						</method>
						<method name="getSelectConstructAskResponseClassic" signature="(Ljava/lang/String;Ljava/lang/String;)Ljava/lang/String;" line-rate="0.95" branch-rate="0.875" complexity="0">
							<lines>
								<line number="54" hits="39" branch="false"/>
								<line number="58" hits="39" branch="false"/>
								<line number="60" hits="39" branch="false"/>
								<line number="61" hits="82" branch="true" condition-coverage="100% (2/2)">
									<conditions>
										<condition number="0" type="jump" coverage="100%"/>
									</conditions>
								</line>
								<line number="62" hits="43" branch="false"/>
								<line number="63" hits="43" branch="false"/>
								<line number="64" hits="43" branch="false"/>
								<line number="68" hits="43" branch="true" condition-coverage="50% (1/2)">
									<conditions>
										<condition number="0" type="jump" coverage="50%"/>
									</conditions>
								</line>
								<line number="69" hits="0" branch="false"/>
								<line number="71" hits="43" branch="true" condition-coverage="100% (2/2)">
									<conditions>
										<condition number="0" type="jump" coverage="100%"/>
									</conditions>
								</line>
								<line number="73" hits="6" branch="false"/>
								<line number="75" hits="37" branch="true" condition-coverage="100% (2/2)">
									<conditions>
										<condition number="0" type="jump" coverage="100%"/>
									</conditions>
								</line>
								<line number="76" hits="22" branch="false"/>
								<line number="79" hits="15" branch="false"/>
								<line number="80" hits="15" branch="false"/>
								<line number="84" hits="43" branch="false"/>
								<line number="85" hits="43" branch="false"/>
								<line number="87" hits="43" branch="false"/>
								<line number="88" hits="39" branch="false"/>
								<line number="89" hits="39" branch="false"/>
							</lines>
						</method>
						<method name="sparqlCreateGraph" signature="(Ljava/lang/String;)Ljava/lang/String;" line-rate="0.9230769230769231" branch-rate="0.6666666666666666" complexity="0">
							<lines>
								<line number="191" hits="13" branch="false"/>
								<line number="194" hits="13" branch="false"/>
								<line number="195" hits="13" branch="false"/>
								<line number="196" hits="13" branch="false"/>
								<line number="197" hits="26" branch="true" condition-coverage="100% (2/2)">
									<conditions>
										<condition number="0" type="jump" coverage="100%"/>
									</conditions>
								</line>
								<line number="198" hits="13" branch="false"/>
								<line number="199" hits="13" branch="false"/>
								<line number="203" hits="13" branch="false"/>
								<line number="205" hits="13" branch="true" condition-coverage="50% (1/2)">
									<conditions>
										<condition number="0" type="jump" coverage="50%"/>
									</conditions>
								</line>
								<line number="208" hits="13" branch="false"/>
								<line number="211" hits="13" branch="true" condition-coverage="50% (1/2)">
									<conditions>
										<condition number="0" type="jump" coverage="50%"/>
									</conditions>
								</line>
								<line number="212" hits="0" branch="false"/>
								<line number="214" hits="13" branch="false"/>
							</lines>
						</method>
						<method name="sparqlDropGraph" signature="(Ljava/lang/String;)V" line-rate="0.9090909090909091" branch-rate="0.75" complexity="0">
							<lines>
								<line number="218" hits="13" branch="false"/>
								<line number="221" hits="13" branch="false"/>
								<line number="222" hits="13" branch="false"/>
								<line number="223" hits="26" branch="true" condition-coverage="100% (2/2)">
									<conditions>
										<condition number="0" type="jump" coverage="100%"/>
									</conditions>
								</line>
								<line number="224" hits="13" branch="false"/>
								<line number="225" hits="13" branch="false"/>
								<line number="226" hits="13" branch="false"/>
								<line number="227" hits="13" branch="false"/>
								<line number="228" hits="13" branch="true" condition-coverage="50% (1/2)">
									<conditions>
										<condition number="0" type="jump" coverage="50%"/>
									</conditions>
								</line>
								<line number="229" hits="0" branch="false"/>
								<line number="231" hits="13" branch="false"/>
							</lines>
						</method>
						<method name="sparqlMerge" signature="(Ljava/lang/String;Ljava/lang/String;Ljava/lang/String;Ljava/lang/String;)Lde/tud/plt/r43ples/merge/MergeResult;" line-rate="0.8088235294117647" branch-rate="0.5909090909090909" complexity="0">
							<lines>
								<line number="261" hits="14" branch="false"/>
								<line number="264" hits="14" branch="false"/>
								<line number="266" hits="14" branch="true" condition-coverage="50% (1/2)">
									<conditions>
										<condition number="0" type="jump" coverage="50%"/>
									</conditions>
								</line>
								<line number="267" hits="0" branch="false"/>
								<line number="269" hits="14" branch="false"/>
								<line number="270" hits="14" branch="false"/>
								<line number="271" hits="14" branch="false"/>
								<line number="272" hits="14" branch="false"/>
								<line number="273" hits="14" branch="false"/>
								<line number="274" hits="14" branch="false"/>
								<line number="275" hits="14" branch="false"/>
								<line number="276" hits="14" branch="false"/>
								<line number="278" hits="14" branch="false"/>
								<line number="279" hits="14" branch="false"/>
								<line number="281" hits="14" branch="false"/>
								<line number="282" hits="14" branch="false"/>
								<line number="283" hits="14" branch="false"/>
								<line number="284" hits="14" branch="false"/>
								<line number="285" hits="14" branch="false"/>
								<line number="286" hits="14" branch="false"/>
								<line number="287" hits="14" branch="false"/>
								<line number="288" hits="14" branch="false"/>
								<line number="290" hits="14" branch="false"/>
								<line number="292" hits="14" branch="true" condition-coverage="50% (1/2)">
									<conditions>
										<condition number="0" type="jump" coverage="50%"/>
									</conditions>
								</line>
								<line number="293" hits="0" branch="false"/>
								<line number="294" hits="0" branch="false"/>
								<line number="299" hits="14" branch="true" condition-coverage="50% (1/2)">
									<conditions>
										<condition number="0" type="jump" coverage="50%"/>
									</conditions>
								</line>
								<line number="301" hits="0" branch="false"/>
								<line number="305" hits="14" branch="true" condition-coverage="50% (2/4)">
									<conditions>
										<condition number="0" type="jump" coverage="50%"/>
										<condition number="1" type="jump" coverage="50%"/>
									</conditions>
								</line>
								<line number="306" hits="0" branch="false"/>
								<line number="313" hits="14" branch="false"/>
								<line number="314" hits="14" branch="true" condition-coverage="50% (1/2)">
									<conditions>
										<condition number="0" type="jump" coverage="50%"/>
									</conditions>
								</line>
								<line number="316" hits="14" branch="false"/>
								<line number="320" hits="0" branch="false"/>
								<line number="329" hits="0" branch="false"/>
								<line number="330" hits="0" branch="true" condition-coverage="0% (0/2)">
									<conditions>
										<condition number="0" type="jump" coverage="0%"/>
									</conditions>
								</line>
								<line number="331" hits="0" branch="false"/>
								<line number="332" hits="0" branch="false"/>
								<line number="333" hits="0" branch="false"/>
								<line number="334" hits="0" branch="false"/>
								<line number="339" hits="14" branch="false"/>
								<line number="342" hits="14" branch="false"/>
								<line number="343" hits="14" branch="false"/>
								<line number="344" hits="14" branch="false"/>
								<line number="345" hits="14" branch="false"/>
								<line number="346" hits="14" branch="false"/>
								<line number="347" hits="14" branch="false"/>
								<line number="349" hits="14" branch="false"/>
								<line number="352" hits="14" branch="false"/>
								<line number="355" hits="14" branch="true" condition-coverage="75% (6/8)">
									<conditions>
										<condition number="0" type="jump" coverage="100%"/>
										<condition number="1" type="jump" coverage="100%"/>
										<condition number="2" type="jump" coverage="50%"/>
										<condition number="3" type="jump" coverage="50%"/>
									</conditions>
								</line>
								<line number="356" hits="4" branch="false"/>
								<line number="358" hits="4" branch="false"/>
								<line number="359" hits="10" branch="true" condition-coverage="62% (5/8)">
									<conditions>
										<condition number="0" type="jump" coverage="100%"/>
										<condition number="1" type="jump" coverage="50%"/>
										<condition number="2" type="jump" coverage="50%"/>
										<condition number="3" type="jump" coverage="50%"/>
									</conditions>
								</line>
								<line number="360" hits="4" branch="false"/>
								<line number="362" hits="4" branch="false"/>
								<line number="363" hits="6" branch="true" condition-coverage="66% (4/6)">
									<conditions>
										<condition number="0" type="jump" coverage="50%"/>
										<condition number="1" type="jump" coverage="100%"/>
										<condition number="2" type="jump" coverage="50%"/>
									</conditions>
								</line>
								<line number="364" hits="2" branch="false"/>
								<line number="366" hits="2" branch="false"/>
								<line number="367" hits="4" branch="true" condition-coverage="50% (3/6)">
									<conditions>
										<condition number="0" type="jump" coverage="50%"/>
										<condition number="1" type="jump" coverage="50%"/>
										<condition number="2" type="jump" coverage="50%"/>
									</conditions>
								</line>
								<line number="368" hits="4" branch="false"/>
								<line number="370" hits="4" branch="false"/>
								<line number="376" hits="4" branch="true" condition-coverage="100% (2/2)">
									<conditions>
										<condition number="0" type="jump" coverage="100%"/>
									</conditions>
								</line>
								<line number="379" hits="2" branch="false"/>
								<line number="380" hits="2" branch="false"/>
								<line number="385" hits="2" branch="false"/>
								<line number="387" hits="4" branch="false"/>
								<line number="388" hits="0" branch="false"/>
								<line number="390" hits="14" branch="false"/>
							</lines>
						</method>
						<method name="sparqlSelectConstructAsk" signature="(Ljava/lang/String;Ljava/lang/String;Z)Ljava/lang/String;" line-rate="1.0" branch-rate="1.0" complexity="0">
							<lines>
								<line number="37" hits="54" branch="true" condition-coverage="100% (2/2)">
									<conditions>
										<condition number="0" type="jump" coverage="100%"/>
									</conditions>
								</line>
								<line number="38" hits="15" branch="false"/>
								<line number="39" hits="15" branch="false"/>
								<line number="40" hits="15" branch="false"/>
								<line number="42" hits="39" branch="false"/>
								<line number="44" hits="54" branch="false"/>
							</lines>
						</method>
						<method name="sparqlTagOrBranch" signature="(Ljava/lang/String;Ljava/lang/String;Ljava/lang/String;)V" line-rate="0.8888888888888888" branch-rate="0.75" complexity="0">
							<lines>
								<line number="235" hits="38" branch="false"/>
								<line number="238" hits="38" branch="false"/>
								<line number="240" hits="38" branch="false"/>
								<line number="241" hits="76" branch="true" condition-coverage="100% (2/2)">
									<conditions>
										<condition number="0" type="jump" coverage="100%"/>
									</conditions>
								</line>
								<line number="242" hits="38" branch="false"/>
								<line number="243" hits="38" branch="false"/>
								<line number="244" hits="38" branch="false"/>
								<line number="245" hits="38" branch="false"/>
								<line number="246" hits="38" branch="false"/>
								<line number="247" hits="38" branch="true" condition-coverage="100% (2/2)">
									<conditions>
										<condition number="0" type="jump" coverage="100%"/>
									</conditions>
								</line>
								<line number="248" hits="1" branch="false"/>
								<line number="249" hits="37" branch="true" condition-coverage="50% (1/2)">
									<conditions>
										<condition number="0" type="jump" coverage="50%"/>
									</conditions>
								</line>
								<line number="250" hits="37" branch="false"/>
								<line number="252" hits="0" branch="false"/>
								<line number="254" hits="38" branch="false"/>
								<line number="255" hits="38" branch="true" condition-coverage="50% (1/2)">
									<conditions>
										<condition number="0" type="jump" coverage="50%"/>
									</conditions>
								</line>
								<line number="256" hits="0" branch="false"/>
								<line number="258" hits="38" branch="false"/>
							</lines>
						</method>
						<method name="sparqlUpdate" signature="(Ljava/lang/String;Ljava/lang/String;Ljava/lang/String;)V" line-rate="0.9803921568627451" branch-rate="0.8571428571428571" complexity="0">
							<lines>
								<line number="96" hits="119" branch="false"/>
								<line number="99" hits="119" branch="false"/>
								<line number="102" hits="119" branch="false"/>
								<line number="105" hits="119" branch="false"/>
								<line number="109" hits="119" branch="false"/>
								<line number="110" hits="119" branch="false"/>
								<line number="111" hits="300" branch="true" condition-coverage="100% (2/2)">
									<conditions>
										<condition number="0" type="jump" coverage="100%"/>
									</conditions>
								</line>
								<line number="112" hits="181" branch="false"/>
								<line number="113" hits="181" branch="false"/>
								<line number="116" hits="181" branch="false"/>
								<line number="117" hits="181" branch="false"/>
								<line number="118" hits="181" branch="true" condition-coverage="100% (2/2)">
									<conditions>
										<condition number="0" type="jump" coverage="100%"/>
									</conditions>
								</line>
								<line number="119" hits="8" branch="false"/>
								<line number="121" hits="181" branch="false"/>
								<line number="122" hits="181" branch="false"/>
								<line number="123" hits="181" branch="false"/>
								<line number="124" hits="181" branch="true" condition-coverage="50% (1/2)">
									<conditions>
										<condition number="0" type="jump" coverage="50%"/>
									</conditions>
								</line>
								<line number="125" hits="0" branch="false"/>
								<line number="127" hits="181" branch="true" condition-coverage="100% (2/2)">
									<conditions>
										<condition number="0" type="jump" coverage="100%"/>
									</conditions>
								</line>
								<line number="128" hits="107" branch="false"/>
								<line number="129" hits="74" branch="true" condition-coverage="100% (2/2)">
									<conditions>
										<condition number="0" type="jump" coverage="100%"/>
									</conditions>
								</line>
								<line number="130" hits="70" branch="false"/>
								<line number="131" hits="4" branch="true" condition-coverage="50% (1/2)">
									<conditions>
										<condition number="0" type="jump" coverage="50%"/>
									</conditions>
								</line>
								<line number="133" hits="4" branch="false"/>
								<line number="134" hits="4" branch="false"/>
								<line number="135" hits="4" branch="false"/>
								<line number="137" hits="181" branch="false"/>
								<line number="138" hits="181" branch="false"/>
								<line number="141" hits="119" branch="false"/>
								<line number="142" hits="119" branch="false"/>
								<line number="144" hits="119" branch="false"/>
								<line number="146" hits="119" branch="false"/>
								<line number="147" hits="119" branch="false"/>
								<line number="148" hits="238" branch="true" condition-coverage="100% (2/2)">
									<conditions>
										<condition number="0" type="jump" coverage="100%"/>
									</conditions>
								</line>
								<line number="149" hits="119" branch="false"/>
								<line number="150" hits="119" branch="false"/>
								<line number="154" hits="119" branch="false"/>
								<line number="155" hits="119" branch="false"/>
								<line number="156" hits="119" branch="false"/>
								<line number="157" hits="119" branch="false"/>
								<line number="162" hits="119" branch="false"/>
								<line number="165" hits="119" branch="false"/>
								<line number="171" hits="119" branch="false"/>
								<line number="174" hits="119" branch="false"/>
								<line number="179" hits="119" branch="false"/>
								<line number="180" hits="119" branch="false"/>
								<line number="181" hits="119" branch="false"/>
								<line number="185" hits="119" branch="false"/>
								<line number="186" hits="119" branch="false"/>
								<line number="187" hits="119" branch="false"/>
								<line number="188" hits="119" branch="false"/>
							</lines>
						</method>
					</methods>
					<lines>
						<line number="19" hits="0" branch="false"/>
						<line number="22" hits="1" branch="false"/>
						<line number="37" hits="54" branch="true" condition-coverage="100% (2/2)">
							<conditions>
								<condition number="0" type="jump" coverage="100%"/>
							</conditions>
						</line>
						<line number="38" hits="15" branch="false"/>
						<line number="39" hits="15" branch="false"/>
						<line number="40" hits="15" branch="false"/>
						<line number="42" hits="39" branch="false"/>
						<line number="44" hits="54" branch="false"/>
						<line number="54" hits="39" branch="false"/>
						<line number="58" hits="39" branch="false"/>
						<line number="60" hits="39" branch="false"/>
						<line number="61" hits="82" branch="true" condition-coverage="100% (2/2)">
							<conditions>
								<condition number="0" type="jump" coverage="100%"/>
							</conditions>
						</line>
						<line number="62" hits="43" branch="false"/>
						<line number="63" hits="43" branch="false"/>
						<line number="64" hits="43" branch="false"/>
						<line number="68" hits="43" branch="true" condition-coverage="50% (1/2)">
							<conditions>
								<condition number="0" type="jump" coverage="50%"/>
							</conditions>
						</line>
						<line number="69" hits="0" branch="false"/>
						<line number="71" hits="43" branch="true" condition-coverage="100% (2/2)">
							<conditions>
								<condition number="0" type="jump" coverage="100%"/>
							</conditions>
						</line>
						<line number="73" hits="6" branch="false"/>
						<line number="75" hits="37" branch="true" condition-coverage="100% (2/2)">
							<conditions>
								<condition number="0" type="jump" coverage="100%"/>
							</conditions>
						</line>
						<line number="76" hits="22" branch="false"/>
						<line number="79" hits="15" branch="false"/>
						<line number="80" hits="15" branch="false"/>
						<line number="84" hits="43" branch="false"/>
						<line number="85" hits="43" branch="false"/>
						<line number="87" hits="43" branch="false"/>
						<line number="88" hits="39" branch="false"/>
						<line number="89" hits="39" branch="false"/>
						<line number="96" hits="119" branch="false"/>
						<line number="99" hits="119" branch="false"/>
						<line number="102" hits="119" branch="false"/>
						<line number="105" hits="119" branch="false"/>
						<line number="109" hits="119" branch="false"/>
						<line number="110" hits="119" branch="false"/>
						<line number="111" hits="300" branch="true" condition-coverage="100% (2/2)">
							<conditions>
								<condition number="0" type="jump" coverage="100%"/>
							</conditions>
						</line>
						<line number="112" hits="181" branch="false"/>
						<line number="113" hits="181" branch="false"/>
						<line number="116" hits="181" branch="false"/>
						<line number="117" hits="181" branch="false"/>
						<line number="118" hits="181" branch="true" condition-coverage="100% (2/2)">
							<conditions>
								<condition number="0" type="jump" coverage="100%"/>
							</conditions>
						</line>
						<line number="119" hits="8" branch="false"/>
						<line number="121" hits="181" branch="false"/>
						<line number="122" hits="181" branch="false"/>
						<line number="123" hits="181" branch="false"/>
						<line number="124" hits="181" branch="true" condition-coverage="50% (1/2)">
							<conditions>
								<condition number="0" type="jump" coverage="50%"/>
							</conditions>
						</line>
						<line number="125" hits="0" branch="false"/>
						<line number="127" hits="181" branch="true" condition-coverage="100% (2/2)">
							<conditions>
								<condition number="0" type="jump" coverage="100%"/>
							</conditions>
						</line>
						<line number="128" hits="107" branch="false"/>
						<line number="129" hits="74" branch="true" condition-coverage="100% (2/2)">
							<conditions>
								<condition number="0" type="jump" coverage="100%"/>
							</conditions>
						</line>
						<line number="130" hits="70" branch="false"/>
						<line number="131" hits="4" branch="true" condition-coverage="50% (1/2)">
							<conditions>
								<condition number="0" type="jump" coverage="50%"/>
							</conditions>
						</line>
						<line number="133" hits="4" branch="false"/>
						<line number="134" hits="4" branch="false"/>
						<line number="135" hits="4" branch="false"/>
						<line number="137" hits="181" branch="false"/>
						<line number="138" hits="181" branch="false"/>
						<line number="141" hits="119" branch="false"/>
						<line number="142" hits="119" branch="false"/>
						<line number="144" hits="119" branch="false"/>
						<line number="146" hits="119" branch="false"/>
						<line number="147" hits="119" branch="false"/>
						<line number="148" hits="238" branch="true" condition-coverage="100% (2/2)">
							<conditions>
								<condition number="0" type="jump" coverage="100%"/>
							</conditions>
						</line>
						<line number="149" hits="119" branch="false"/>
						<line number="150" hits="119" branch="false"/>
						<line number="154" hits="119" branch="false"/>
						<line number="155" hits="119" branch="false"/>
						<line number="156" hits="119" branch="false"/>
						<line number="157" hits="119" branch="false"/>
						<line number="162" hits="119" branch="false"/>
						<line number="165" hits="119" branch="false"/>
						<line number="171" hits="119" branch="false"/>
						<line number="174" hits="119" branch="false"/>
						<line number="179" hits="119" branch="false"/>
						<line number="180" hits="119" branch="false"/>
						<line number="181" hits="119" branch="false"/>
						<line number="185" hits="119" branch="false"/>
						<line number="186" hits="119" branch="false"/>
						<line number="187" hits="119" branch="false"/>
						<line number="188" hits="119" branch="false"/>
						<line number="191" hits="13" branch="false"/>
						<line number="194" hits="13" branch="false"/>
						<line number="195" hits="13" branch="false"/>
						<line number="196" hits="13" branch="false"/>
						<line number="197" hits="26" branch="true" condition-coverage="100% (2/2)">
							<conditions>
								<condition number="0" type="jump" coverage="100%"/>
							</conditions>
						</line>
						<line number="198" hits="13" branch="false"/>
						<line number="199" hits="13" branch="false"/>
						<line number="203" hits="13" branch="false"/>
						<line number="205" hits="13" branch="true" condition-coverage="50% (1/2)">
							<conditions>
								<condition number="0" type="jump" coverage="50%"/>
							</conditions>
						</line>
						<line number="208" hits="13" branch="false"/>
						<line number="211" hits="13" branch="true" condition-coverage="50% (1/2)">
							<conditions>
								<condition number="0" type="jump" coverage="50%"/>
							</conditions>
						</line>
						<line number="212" hits="0" branch="false"/>
						<line number="214" hits="13" branch="false"/>
						<line number="218" hits="13" branch="false"/>
						<line number="221" hits="13" branch="false"/>
						<line number="222" hits="13" branch="false"/>
						<line number="223" hits="26" branch="true" condition-coverage="100% (2/2)">
							<conditions>
								<condition number="0" type="jump" coverage="100%"/>
							</conditions>
						</line>
						<line number="224" hits="13" branch="false"/>
						<line number="225" hits="13" branch="false"/>
						<line number="226" hits="13" branch="false"/>
						<line number="227" hits="13" branch="false"/>
						<line number="228" hits="13" branch="true" condition-coverage="50% (1/2)">
							<conditions>
								<condition number="0" type="jump" coverage="50%"/>
							</conditions>
						</line>
						<line number="229" hits="0" branch="false"/>
						<line number="231" hits="13" branch="false"/>
						<line number="235" hits="38" branch="false"/>
						<line number="238" hits="38" branch="false"/>
						<line number="240" hits="38" branch="false"/>
						<line number="241" hits="76" branch="true" condition-coverage="100% (2/2)">
							<conditions>
								<condition number="0" type="jump" coverage="100%"/>
							</conditions>
						</line>
						<line number="242" hits="38" branch="false"/>
						<line number="243" hits="38" branch="false"/>
						<line number="244" hits="38" branch="false"/>
						<line number="245" hits="38" branch="false"/>
						<line number="246" hits="38" branch="false"/>
						<line number="247" hits="38" branch="true" condition-coverage="100% (2/2)">
							<conditions>
								<condition number="0" type="jump" coverage="100%"/>
							</conditions>
						</line>
						<line number="248" hits="1" branch="false"/>
						<line number="249" hits="37" branch="true" condition-coverage="50% (1/2)">
							<conditions>
								<condition number="0" type="jump" coverage="50%"/>
							</conditions>
						</line>
						<line number="250" hits="37" branch="false"/>
						<line number="252" hits="0" branch="false"/>
						<line number="254" hits="38" branch="false"/>
						<line number="255" hits="38" branch="true" condition-coverage="50% (1/2)">
							<conditions>
								<condition number="0" type="jump" coverage="50%"/>
							</conditions>
						</line>
						<line number="256" hits="0" branch="false"/>
						<line number="258" hits="38" branch="false"/>
						<line number="261" hits="14" branch="false"/>
						<line number="264" hits="14" branch="false"/>
						<line number="266" hits="14" branch="true" condition-coverage="50% (1/2)">
							<conditions>
								<condition number="0" type="jump" coverage="50%"/>
							</conditions>
						</line>
						<line number="267" hits="0" branch="false"/>
						<line number="269" hits="14" branch="false"/>
						<line number="270" hits="14" branch="false"/>
						<line number="271" hits="14" branch="false"/>
						<line number="272" hits="14" branch="false"/>
						<line number="273" hits="14" branch="false"/>
						<line number="274" hits="14" branch="false"/>
						<line number="275" hits="14" branch="false"/>
						<line number="276" hits="14" branch="false"/>
						<line number="278" hits="14" branch="false"/>
						<line number="279" hits="14" branch="false"/>
						<line number="281" hits="14" branch="false"/>
						<line number="282" hits="14" branch="false"/>
						<line number="283" hits="14" branch="false"/>
						<line number="284" hits="14" branch="false"/>
						<line number="285" hits="14" branch="false"/>
						<line number="286" hits="14" branch="false"/>
						<line number="287" hits="14" branch="false"/>
						<line number="288" hits="14" branch="false"/>
						<line number="290" hits="14" branch="false"/>
						<line number="292" hits="14" branch="true" condition-coverage="50% (1/2)">
							<conditions>
								<condition number="0" type="jump" coverage="50%"/>
							</conditions>
						</line>
						<line number="293" hits="0" branch="false"/>
						<line number="294" hits="0" branch="false"/>
						<line number="299" hits="14" branch="true" condition-coverage="50% (1/2)">
							<conditions>
								<condition number="0" type="jump" coverage="50%"/>
							</conditions>
						</line>
						<line number="301" hits="0" branch="false"/>
						<line number="305" hits="14" branch="true" condition-coverage="50% (2/4)">
							<conditions>
								<condition number="0" type="jump" coverage="50%"/>
								<condition number="1" type="jump" coverage="50%"/>
							</conditions>
						</line>
						<line number="306" hits="0" branch="false"/>
						<line number="313" hits="14" branch="false"/>
						<line number="314" hits="14" branch="true" condition-coverage="50% (1/2)">
							<conditions>
								<condition number="0" type="jump" coverage="50%"/>
							</conditions>
						</line>
						<line number="316" hits="14" branch="false"/>
						<line number="320" hits="0" branch="false"/>
						<line number="329" hits="0" branch="false"/>
						<line number="330" hits="0" branch="true" condition-coverage="0% (0/2)">
							<conditions>
								<condition number="0" type="jump" coverage="0%"/>
							</conditions>
						</line>
						<line number="331" hits="0" branch="false"/>
						<line number="332" hits="0" branch="false"/>
						<line number="333" hits="0" branch="false"/>
						<line number="334" hits="0" branch="false"/>
						<line number="339" hits="14" branch="false"/>
						<line number="342" hits="14" branch="false"/>
						<line number="343" hits="14" branch="false"/>
						<line number="344" hits="14" branch="false"/>
						<line number="345" hits="14" branch="false"/>
						<line number="346" hits="14" branch="false"/>
						<line number="347" hits="14" branch="false"/>
						<line number="349" hits="14" branch="false"/>
						<line number="352" hits="14" branch="false"/>
						<line number="355" hits="14" branch="true" condition-coverage="75% (6/8)">
							<conditions>
								<condition number="0" type="jump" coverage="100%"/>
								<condition number="1" type="jump" coverage="100%"/>
								<condition number="2" type="jump" coverage="50%"/>
								<condition number="3" type="jump" coverage="50%"/>
							</conditions>
						</line>
						<line number="356" hits="4" branch="false"/>
						<line number="358" hits="4" branch="false"/>
						<line number="359" hits="10" branch="true" condition-coverage="62% (5/8)">
							<conditions>
								<condition number="0" type="jump" coverage="100%"/>
								<condition number="1" type="jump" coverage="50%"/>
								<condition number="2" type="jump" coverage="50%"/>
								<condition number="3" type="jump" coverage="50%"/>
							</conditions>
						</line>
						<line number="360" hits="4" branch="false"/>
						<line number="362" hits="4" branch="false"/>
						<line number="363" hits="6" branch="true" condition-coverage="66% (4/6)">
							<conditions>
								<condition number="0" type="jump" coverage="50%"/>
								<condition number="1" type="jump" coverage="100%"/>
								<condition number="2" type="jump" coverage="50%"/>
							</conditions>
						</line>
						<line number="364" hits="2" branch="false"/>
						<line number="366" hits="2" branch="false"/>
						<line number="367" hits="4" branch="true" condition-coverage="50% (3/6)">
							<conditions>
								<condition number="0" type="jump" coverage="50%"/>
								<condition number="1" type="jump" coverage="50%"/>
								<condition number="2" type="jump" coverage="50%"/>
							</conditions>
						</line>
						<line number="368" hits="4" branch="false"/>
						<line number="370" hits="4" branch="false"/>
						<line number="376" hits="4" branch="true" condition-coverage="100% (2/2)">
							<conditions>
								<condition number="0" type="jump" coverage="100%"/>
							</conditions>
						</line>
						<line number="379" hits="2" branch="false"/>
						<line number="380" hits="2" branch="false"/>
						<line number="385" hits="2" branch="false"/>
						<line number="387" hits="4" branch="false"/>
						<line number="388" hits="0" branch="false"/>
						<line number="390" hits="14" branch="false"/>
					</lines>
				</class>
				<class name="de.tud.plt.r43ples.management.JenaModelManagement" filename="de/tud/plt/r43ples/management/JenaModelManagement.java" line-rate="0.2916666666666667" branch-rate="1.0" complexity="2.0">
					<methods>
						<method name="&lt;init&gt;" signature="()V" line-rate="0.0" branch-rate="1.0" complexity="0">
							<lines>
								<line number="13" hits="0" branch="false"/>
							</lines>
						</method>
						<method name="convertJenaModelToNTriple" signature="(Lcom/hp/hpl/jena/rdf/model/Model;)Ljava/lang/String;" line-rate="0.0" branch-rate="1.0" complexity="0">
							<lines>
								<line number="76" hits="0" branch="false"/>
								<line number="77" hits="0" branch="false"/>
								<line number="80" hits="0" branch="false"/>
								<line number="81" hits="0" branch="false"/>
								<line number="82" hits="0" branch="false"/>
								<line number="83" hits="0" branch="false"/>
							</lines>
						</method>
						<method name="readNTripleStringToJenaModel" signature="(Ljava/lang/String;)Lcom/hp/hpl/jena/rdf/model/Model;" line-rate="1.0" branch-rate="1.0" complexity="0">
							<lines>
								<line number="64" hits="3" branch="false"/>
							</lines>
						</method>
						<method name="readStringToJenaModel" signature="(Ljava/lang/String;Ljava/lang/String;)Lcom/hp/hpl/jena/rdf/model/Model;" line-rate="0.75" branch-rate="1.0" complexity="0">
							<lines>
								<line number="44" hits="4" branch="false"/>
								<line number="45" hits="4" branch="false"/>
								<line number="46" hits="4" branch="false"/>
								<line number="48" hits="4" branch="false"/>
								<line number="49" hits="0" branch="false"/>
								<line number="50" hits="0" branch="false"/>
								<line number="51" hits="4" branch="false"/>
								<line number="53" hits="4" branch="false"/>
							</lines>
						</method>
						<method name="readTurtleFileToJenaModel" signature="(Ljava/lang/String;)Lcom/hp/hpl/jena/rdf/model/Model;" line-rate="0.0" branch-rate="1.0" complexity="0">
							<lines>
								<line number="22" hits="0" branch="false"/>
								<line number="23" hits="0" branch="false"/>
								<line number="24" hits="0" branch="false"/>
								<line number="26" hits="0" branch="false"/>
								<line number="27" hits="0" branch="false"/>
								<line number="28" hits="0" branch="false"/>
								<line number="29" hits="0" branch="false"/>
								<line number="31" hits="0" branch="false"/>
							</lines>
						</method>
					</methods>
					<lines>
						<line number="13" hits="0" branch="false"/>
						<line number="22" hits="0" branch="false"/>
						<line number="23" hits="0" branch="false"/>
						<line number="24" hits="0" branch="false"/>
						<line number="26" hits="0" branch="false"/>
						<line number="27" hits="0" branch="false"/>
						<line number="28" hits="0" branch="false"/>
						<line number="29" hits="0" branch="false"/>
						<line number="31" hits="0" branch="false"/>
						<line number="44" hits="4" branch="false"/>
						<line number="45" hits="4" branch="false"/>
						<line number="46" hits="4" branch="false"/>
						<line number="48" hits="4" branch="false"/>
						<line number="49" hits="0" branch="false"/>
						<line number="50" hits="0" branch="false"/>
						<line number="51" hits="4" branch="false"/>
						<line number="53" hits="4" branch="false"/>
						<line number="64" hits="3" branch="false"/>
						<line number="76" hits="0" branch="false"/>
						<line number="77" hits="0" branch="false"/>
						<line number="80" hits="0" branch="false"/>
						<line number="81" hits="0" branch="false"/>
						<line number="82" hits="0" branch="false"/>
						<line number="83" hits="0" branch="false"/>
					</lines>
				</class>
				<class name="de.tud.plt.r43ples.management.QueryParser" filename="de/tud/plt/r43ples/management/QueryParser.java" line-rate="0.0" branch-rate="0.0" complexity="0.0">
					<methods>
						<method name="&lt;init&gt;" signature="()V" line-rate="0.0" branch-rate="1.0" complexity="0">
							<lines>
								<line number="3" hits="0" branch="false"/>
							</lines>
						</method>
						<method name="getStringEnclosedinBraces" signature="(Ljava/lang/String;I)Ljava/lang/String;" line-rate="0.0" branch-rate="0.0" complexity="0">
							<lines>
								<line number="6" hits="0" branch="false"/>
								<line number="7" hits="0" branch="false"/>
								<line number="8" hits="0" branch="true" condition-coverage="0% (0/2)">
									<conditions>
										<condition number="0" type="jump" coverage="0%"/>
									</conditions>
								</line>
								<line number="9" hits="0" branch="false"/>
								<line number="10" hits="0" branch="false"/>
								<line number="11" hits="0" branch="true" condition-coverage="0% (0/2)">
									<conditions>
										<condition number="0" type="jump" coverage="0%"/>
									</conditions>
								</line>
								<line number="12" hits="0" branch="true" condition-coverage="0% (0/2)">
									<conditions>
										<condition number="0" type="jump" coverage="0%"/>
									</conditions>
								</line>
								<line number="13" hits="0" branch="false"/>
								<line number="14" hits="0" branch="false"/>
								<line number="15" hits="0" branch="false"/>
							</lines>
						</method>
					</methods>
					<lines>
						<line number="3" hits="0" branch="false"/>
						<line number="6" hits="0" branch="false"/>
						<line number="7" hits="0" branch="false"/>
						<line number="8" hits="0" branch="true" condition-coverage="0% (0/2)">
							<conditions>
								<condition number="0" type="jump" coverage="0%"/>
							</conditions>
						</line>
						<line number="9" hits="0" branch="false"/>
						<line number="10" hits="0" branch="false"/>
						<line number="11" hits="0" branch="true" condition-coverage="0% (0/2)">
							<conditions>
								<condition number="0" type="jump" coverage="0%"/>
							</conditions>
						</line>
						<line number="12" hits="0" branch="true" condition-coverage="0% (0/2)">
							<conditions>
								<condition number="0" type="jump" coverage="0%"/>
							</conditions>
						</line>
						<line number="13" hits="0" branch="false"/>
						<line number="14" hits="0" branch="false"/>
						<line number="15" hits="0" branch="false"/>
					</lines>
				</class>
				<class name="de.tud.plt.r43ples.management.ResourceManagement" filename="de/tud/plt/r43ples/management/ResourceManagement.java" line-rate="0.2" branch-rate="1.0" complexity="3.0">
					<methods>
						<method name="&lt;init&gt;" signature="()V" line-rate="0.0" branch-rate="1.0" complexity="0">
							<lines>
								<line number="7" hits="0" branch="false"/>
							</lines>
						</method>
						<method name="getContentFromResource" signature="(Ljava/lang/String;)Ljava/lang/String;" line-rate="0.25" branch-rate="1.0" complexity="0">
							<lines>
								<line number="10" hits="128" branch="false"/>
								<line number="11" hits="0" branch="false"/>
								<line number="12" hits="0" branch="false"/>
								<line number="13" hits="0" branch="false"/>
							</lines>
						</method>
					</methods>
					<lines>
						<line number="7" hits="0" branch="false"/>
						<line number="10" hits="128" branch="false"/>
						<line number="11" hits="0" branch="false"/>
						<line number="12" hits="0" branch="false"/>
						<line number="13" hits="0" branch="false"/>
					</lines>
				</class>
				<class name="de.tud.plt.r43ples.management.RevisionDraft" filename="de/tud/plt/r43ples/management/RevisionDraft.java" line-rate="0.0" branch-rate="0.0" complexity="0.0">
					<methods>
						<method name="&lt;init&gt;" signature="(Ljava/lang/String;Ljava/lang/String;)V" line-rate="0.0" branch-rate="1.0" complexity="0">
							<lines>
								<line number="26" hits="0" branch="false"/>
								<line number="27" hits="0" branch="false"/>
								<line number="28" hits="0" branch="false"/>
								<line number="29" hits="0" branch="false"/>
								<line number="30" hits="0" branch="false"/>
								<line number="32" hits="0" branch="false"/>
								<line number="34" hits="0" branch="false"/>
								<line number="35" hits="0" branch="false"/>
								<line number="36" hits="0" branch="false"/>
								<line number="37" hits="0" branch="false"/>
							</lines>
						</method>
						<method name="equals" signature="(Ljava/lang/String;Ljava/lang/String;)Z" line-rate="0.0" branch-rate="0.0" complexity="0">
							<lines>
								<line number="42" hits="0" branch="false"/>
								<line number="43" hits="0" branch="false"/>
								<line number="44" hits="0" branch="true" condition-coverage="0% (0/4)">
									<conditions>
										<condition number="0" type="jump" coverage="0%"/>
										<condition number="1" type="jump" coverage="0%"/>
									</conditions>
								</line>
							</lines>
						</method>
					</methods>
					<lines>
						<line number="26" hits="0" branch="false"/>
						<line number="27" hits="0" branch="false"/>
						<line number="28" hits="0" branch="false"/>
						<line number="29" hits="0" branch="false"/>
						<line number="30" hits="0" branch="false"/>
						<line number="32" hits="0" branch="false"/>
						<line number="34" hits="0" branch="false"/>
						<line number="35" hits="0" branch="false"/>
						<line number="36" hits="0" branch="false"/>
						<line number="37" hits="0" branch="false"/>
						<line number="42" hits="0" branch="false"/>
						<line number="43" hits="0" branch="false"/>
						<line number="44" hits="0" branch="true" condition-coverage="0% (0/4)">
							<conditions>
								<condition number="0" type="jump" coverage="0%"/>
								<condition number="1" type="jump" coverage="0%"/>
							</conditions>
						</line>
					</lines>
				</class>
				<class name="de.tud.plt.r43ples.management.RevisionManagement" filename="de/tud/plt/r43ples/management/RevisionManagement.java" line-rate="0.8992537313432836" branch-rate="0.7307692307692307" complexity="2.6857142857142855">
					<methods>
						<method name="&lt;clinit&gt;" signature="()V" line-rate="1.0" branch-rate="1.0" complexity="0">
							<lines>
								<line number="36" hits="1" branch="false"/>
							</lines>
						</method>
						<method name="&lt;init&gt;" signature="()V" line-rate="0.0" branch-rate="1.0" complexity="0">
							<lines>
								<line number="33" hits="0" branch="false"/>
							</lines>
						</method>
						<method name="addMetaInformationForNewRevision" signature="(Ljava/lang/String;Ljava/lang/String;Ljava/lang/String;Ljava/util/ArrayList;Ljava/lang/String;Ljava/lang/String;Ljava/lang/String;)V" line-rate="1.0" branch-rate="1.0" complexity="0">
							<lines>
								<line number="222" hits="171" branch="false"/>
								<line number="223" hits="171" branch="false"/>
								<line number="224" hits="171" branch="false"/>
								<line number="225" hits="171" branch="false"/>
								<line number="226" hits="171" branch="false"/>
								<line number="229" hits="171" branch="false"/>
								<line number="230" hits="171" branch="false"/>
								<line number="233" hits="171" branch="true" condition-coverage="100% (2/2)">
									<conditions>
										<condition number="0" type="jump" coverage="100%"/>
									</conditions>
								</line>
								<line number="234" hits="183" branch="false"/>
								<line number="235" hits="183" branch="false"/>
								<line number="236" hits="183" branch="false"/>
								<line number="239" hits="171" branch="false"/>
								<line number="247" hits="171" branch="true" condition-coverage="100% (2/2)">
									<conditions>
										<condition number="0" type="jump" coverage="100%"/>
									</conditions>
								</line>
								<line number="248" hits="183" branch="false"/>
								<line number="249" hits="183" branch="false"/>
								<line number="250" hits="183" branch="false"/>
								<line number="251" hits="171" branch="false"/>
								<line number="255" hits="171" branch="false"/>
								<line number="258" hits="171" branch="false"/>
								<line number="259" hits="171" branch="false"/>
								<line number="261" hits="171" branch="false"/>
								<line number="270" hits="171" branch="false"/>
								<line number="271" hits="171" branch="false"/>
								<line number="273" hits="171" branch="false"/>
								<line number="275" hits="171" branch="false"/>
								<line number="279" hits="171" branch="false"/>
								<line number="280" hits="171" branch="false"/>
								<line number="281" hits="171" branch="false"/>
							</lines>
						</method>
						<method name="checkGraphExistence" signature="(Ljava/lang/String;)Z" line-rate="1.0" branch-rate="1.0" complexity="0">
							<lines>
								<line number="396" hits="142" branch="false"/>
								<line number="397" hits="142" branch="false"/>
							</lines>
						</method>
						<method name="checkReferenceNameExistence" signature="(Ljava/lang/String;Ljava/lang/String;)Z" line-rate="1.0" branch-rate="1.0" complexity="0">
							<lines>
								<line number="938" hits="47" branch="false"/>
								<line number="942" hits="47" branch="false"/>
							</lines>
						</method>
						<method name="createBranch" signature="(Ljava/lang/String;Ljava/lang/String;Ljava/lang/String;Ljava/lang/String;Ljava/lang/String;)V" line-rate="1.0" branch-rate="1.0" complexity="0">
							<lines>
								<line number="323" hits="40" branch="false"/>
								<line number="324" hits="40" branch="false"/>
							</lines>
						</method>
						<method name="createNewRevision" signature="(Ljava/lang/String;Ljava/lang/String;Ljava/lang/String;Ljava/lang/String;Ljava/lang/String;Ljava/lang/String;)Ljava/lang/String;" line-rate="1.0" branch-rate="1.0" complexity="0">
							<lines>
								<line number="115" hits="40" branch="false"/>
								<line number="116" hits="40" branch="false"/>
								<line number="117" hits="40" branch="false"/>
							</lines>
						</method>
						<method name="createNewRevision" signature="(Ljava/lang/String;Ljava/lang/String;Ljava/lang/String;Ljava/lang/String;Ljava/lang/String;Ljava/util/ArrayList;)Ljava/lang/String;" line-rate="1.0" branch-rate="0.625" complexity="0">
							<lines>
								<line number="144" hits="52" branch="false"/>
								<line number="147" hits="52" branch="false"/>
								<line number="148" hits="52" branch="false"/>
								<line number="149" hits="52" branch="false"/>
								<line number="150" hits="52" branch="false"/>
								<line number="153" hits="52" branch="false"/>
								<line number="157" hits="52" branch="true" condition-coverage="75% (3/4)">
									<conditions>
										<condition number="0" type="jump" coverage="50%"/>
										<condition number="1" type="jump" coverage="100%"/>
									</conditions>
								</line>
								<line number="158" hits="37" branch="false"/>
								<line number="160" hits="52" branch="true" condition-coverage="50% (2/4)">
									<conditions>
										<condition number="0" type="jump" coverage="50%"/>
										<condition number="1" type="jump" coverage="50%"/>
									</conditions>
								</line>
								<line number="161" hits="52" branch="false"/>
								<line number="165" hits="52" branch="true" condition-coverage="50% (2/4)">
									<conditions>
										<condition number="0" type="jump" coverage="50%"/>
										<condition number="1" type="jump" coverage="50%"/>
									</conditions>
								</line>
								<line number="166" hits="52" branch="false"/>
								<line number="167" hits="52" branch="false"/>
								<line number="169" hits="52" branch="false"/>
								<line number="173" hits="52" branch="true" condition-coverage="75% (3/4)">
									<conditions>
										<condition number="0" type="jump" coverage="50%"/>
										<condition number="1" type="jump" coverage="100%"/>
									</conditions>
								</line>
								<line number="174" hits="37" branch="false"/>
								<line number="175" hits="37" branch="false"/>
								<line number="177" hits="37" branch="false"/>
								<line number="198" hits="52" branch="false"/>
							</lines>
						</method>
						<method name="createReference" signature="(Ljava/lang/String;Ljava/lang/String;Ljava/lang/String;Ljava/lang/String;Ljava/lang/String;Ljava/lang/String;)V" line-rate="0.875" branch-rate="0.75" complexity="0">
							<lines>
								<line number="347" hits="47" branch="false"/>
								<line number="350" hits="47" branch="true" condition-coverage="50% (1/2)">
									<conditions>
										<condition number="0" type="jump" coverage="50%"/>
									</conditions>
								</line>
								<line number="352" hits="0" branch="false"/>
								<line number="354" hits="0" branch="false"/>
								<line number="358" hits="47" branch="false"/>
								<line number="359" hits="47" branch="false"/>
								<line number="360" hits="47" branch="false"/>
								<line number="361" hits="47" branch="true" condition-coverage="100% (2/2)">
									<conditions>
										<condition number="0" type="jump" coverage="100%"/>
									</conditions>
								</line>
								<line number="362" hits="47" branch="false"/>
								<line number="363" hits="47" branch="false"/>
								<line number="366" hits="47" branch="false"/>
								<line number="372" hits="47" branch="false"/>
								<line number="377" hits="47" branch="false"/>
								<line number="380" hits="47" branch="false"/>
								<line number="382" hits="47" branch="false"/>
								<line number="384" hits="47" branch="false"/>
							</lines>
						</method>
						<method name="createTag" signature="(Ljava/lang/String;Ljava/lang/String;Ljava/lang/String;Ljava/lang/String;Ljava/lang/String;)V" line-rate="1.0" branch-rate="1.0" complexity="0">
							<lines>
								<line number="302" hits="7" branch="false"/>
								<line number="303" hits="7" branch="false"/>
							</lines>
						</method>
						<method name="executeDELETE" signature="(Ljava/lang/String;Ljava/lang/String;)V" line-rate="1.0" branch-rate="1.0" complexity="0">
							<lines>
								<line number="717" hits="61" branch="false"/>
								<line number="719" hits="61" branch="false"/>
								<line number="720" hits="61" branch="false"/>
							</lines>
						</method>
						<method name="executeINSERT" signature="(Ljava/lang/String;Ljava/lang/String;)V" line-rate="1.0" branch-rate="1.0" complexity="0">
							<lines>
								<line number="704" hits="169" branch="false"/>
								<line number="706" hits="169" branch="false"/>
								<line number="707" hits="169" branch="false"/>
							</lines>
						</method>
						<method name="generateFullGraphOfRevision" signature="(Ljava/lang/String;Ljava/lang/String;Ljava/lang/String;)V" line-rate="1.0" branch-rate="0.875" complexity="0">
							<lines>
								<line number="414" hits="80" branch="false"/>
								<line number="416" hits="80" branch="false"/>
								<line number="419" hits="80" branch="false"/>
								<line number="420" hits="80" branch="false"/>
								<line number="423" hits="80" branch="false"/>
								<line number="424" hits="80" branch="false"/>
								<line number="427" hits="80" branch="false"/>
								<line number="428" hits="80" branch="false"/>
								<line number="432" hits="142" branch="true" condition-coverage="100% (2/2)">
									<conditions>
										<condition number="0" type="jump" coverage="100%"/>
									</conditions>
								</line>
								<line number="435" hits="62" branch="false"/>
								<line number="436" hits="62" branch="false"/>
								<line number="438" hits="62" branch="true" condition-coverage="100% (2/2)">
									<conditions>
										<condition number="0" type="jump" coverage="100%"/>
									</conditions>
								</line>
								<line number="439" hits="56" branch="false"/>
								<line number="441" hits="62" branch="true" condition-coverage="100% (2/2)">
									<conditions>
										<condition number="0" type="jump" coverage="100%"/>
									</conditions>
								</line>
								<line number="442" hits="55" branch="false"/>
								<line number="444" hits="62" branch="false"/>
								<line number="445" hits="62" branch="true" condition-coverage="50% (1/2)">
									<conditions>
										<condition number="0" type="jump" coverage="50%"/>
									</conditions>
								</line>
								<line number="446" hits="62" branch="false"/>
								<line number="447" hits="62" branch="false"/>
								<line number="449" hits="80" branch="false"/>
							</lines>
						</method>
						<method name="getAddSetURI" signature="(Ljava/lang/String;Ljava/lang/String;)Ljava/lang/String;" line-rate="0.8333333333333334" branch-rate="0.5" complexity="0">
							<lines>
								<line number="975" hits="93" branch="false"/>
								<line number="981" hits="93" branch="false"/>
								<line number="983" hits="93" branch="true" condition-coverage="50% (1/2)">
									<conditions>
										<condition number="0" type="jump" coverage="50%"/>
									</conditions>
								</line>
								<line number="984" hits="93" branch="false"/>
								<line number="985" hits="93" branch="false"/>
								<line number="987" hits="0" branch="false"/>
							</lines>
						</method>
						<method name="getBranchUri" signature="(Ljava/lang/String;Ljava/lang/String;)Ljava/lang/String;" line-rate="0.75" branch-rate="0.5" complexity="0">
							<lines>
								<line number="495" hits="524" branch="false"/>
								<line number="501" hits="524" branch="false"/>
								<line number="502" hits="524" branch="true" condition-coverage="50% (1/2)">
									<conditions>
										<condition number="0" type="jump" coverage="50%"/>
									</conditions>
								</line>
								<line number="503" hits="524" branch="false"/>
								<line number="504" hits="524" branch="true" condition-coverage="50% (1/2)">
									<conditions>
										<condition number="0" type="jump" coverage="50%"/>
									</conditions>
								</line>
								<line number="505" hits="0" branch="false"/>
								<line number="508" hits="524" branch="false"/>
								<line number="510" hits="0" branch="false"/>
							</lines>
						</method>
						<method name="getContentOfGraphByConstruct" signature="(Ljava/lang/String;Ljava/lang/String;)Ljava/lang/String;" line-rate="1.0" branch-rate="1.0" complexity="0">
							<lines>
								<line number="1025" hits="2" branch="false"/>
								<line number="1029" hits="2" branch="false"/>
							</lines>
						</method>
						<method name="getDateString" signature="()Ljava/lang/String;" line-rate="1.0" branch-rate="1.0" complexity="0">
							<lines>
								<line number="921" hits="218" branch="false"/>
								<line number="922" hits="218" branch="false"/>
								<line number="923" hits="218" branch="false"/>
								<line number="924" hits="218" branch="false"/>
								<line number="925" hits="218" branch="false"/>
							</lines>
						</method>
						<method name="getDeleteSetURI" signature="(Ljava/lang/String;Ljava/lang/String;)Ljava/lang/String;" line-rate="0.8333333333333334" branch-rate="0.5" complexity="0">
							<lines>
								<line number="1000" hits="93" branch="false"/>
								<line number="1006" hits="93" branch="false"/>
								<line number="1008" hits="93" branch="true" condition-coverage="50% (1/2)">
									<conditions>
										<condition number="0" type="jump" coverage="50%"/>
									</conditions>
								</line>
								<line number="1009" hits="93" branch="false"/>
								<line number="1010" hits="93" branch="false"/>
								<line number="1012" hits="0" branch="false"/>
							</lines>
						</method>
						<method name="getMasterRevisionNumber" signature="(Ljava/lang/String;)Ljava/lang/String;" line-rate="1.0" branch-rate="1.0" complexity="0">
							<lines>
								<line number="585" hits="26" branch="false"/>
								<line number="587" hits="26" branch="false"/>
								<line number="593" hits="26" branch="false"/>
								<line number="594" hits="26" branch="true" condition-coverage="100% (2/2)">
									<conditions>
										<condition number="0" type="jump" coverage="100%"/>
									</conditions>
								</line>
								<line number="595" hits="13" branch="false"/>
								<line number="596" hits="13" branch="false"/>
								<line number="599" hits="13" branch="false"/>
							</lines>
						</method>
						<method name="getNextRevisionNumber" signature="(Ljava/lang/String;Ljava/lang/String;)Ljava/lang/String;" line-rate="1.0" branch-rate="1.0" complexity="0">
							<lines>
								<line number="632" hits="352" branch="false"/>
								<line number="633" hits="352" branch="true" condition-coverage="100% (2/2)">
									<conditions>
										<condition number="0" type="jump" coverage="100%"/>
									</conditions>
								</line>
								<line number="634" hits="99" branch="false"/>
								<line number="636" hits="253" branch="false"/>
							</lines>
						</method>
						<method name="getNextRevisionNumberForLastRevisionNumber" signature="(Ljava/lang/String;Ljava/lang/String;)Ljava/lang/String;" line-rate="1.0" branch-rate="1.0" complexity="0">
							<lines>
								<line number="652" hits="253" branch="true" condition-coverage="100% (2/2)">
									<conditions>
										<condition number="0" type="jump" coverage="100%"/>
									</conditions>
								</line>
								<line number="653" hits="153" branch="false"/>
								<line number="657" hits="100" branch="false"/>
							</lines>
						</method>
						<method name="getReferenceGraph" signature="(Ljava/lang/String;Ljava/lang/String;)Ljava/lang/String;" line-rate="1.0" branch-rate="1.0" complexity="0">
							<lines>
								<line number="527" hits="318" branch="false"/>
								<line number="536" hits="318" branch="false"/>
								<line number="537" hits="318" branch="true" condition-coverage="100% (2/2)">
									<conditions>
										<condition number="0" type="jump" coverage="100%"/>
									</conditions>
								</line>
								<line number="538" hits="304" branch="false"/>
								<line number="539" hits="304" branch="false"/>
								<line number="541" hits="14" branch="false"/>
							</lines>
						</method>
						<method name="getResponseHeader" signature="(Ljava/lang/String;)Ljava/lang/String;" line-rate="1.0" branch-rate="1.0" complexity="0">
							<lines>
								<line number="1059" hits="240" branch="false"/>
								<line number="1076" hits="240" branch="false"/>
								<line number="1077" hits="240" branch="false"/>
							</lines>
						</method>
						<method name="getResponseHeaderFromQuery" signature="(Ljava/lang/String;)Ljava/lang/String;" line-rate="1.0" branch-rate="1.0" complexity="0">
							<lines>
								<line number="1038" hits="240" branch="false"/>
								<line number="1042" hits="240" branch="false"/>
								<line number="1043" hits="240" branch="false"/>
								<line number="1044" hits="240" branch="false"/>
								<line number="1045" hits="526" branch="true" condition-coverage="100% (2/2)">
									<conditions>
										<condition number="0" type="jump" coverage="100%"/>
									</conditions>
								</line>
								<line number="1046" hits="286" branch="false"/>
								<line number="1047" hits="286" branch="false"/>
								<line number="1048" hits="286" branch="false"/>
								<line number="1049" hits="286" branch="true" condition-coverage="100% (2/2)">
									<conditions>
										<condition number="0" type="jump" coverage="100%"/>
									</conditions>
								</line>
								<line number="1050" hits="72" branch="false"/>
								<line number="1051" hits="286" branch="false"/>
								<line number="1052" hits="240" branch="false"/>
								<line number="1053" hits="240" branch="false"/>
								<line number="1054" hits="240" branch="false"/>
							</lines>
						</method>
						<method name="getRevisedGraphs" signature="()Ljava/util/ArrayList;" line-rate="1.0" branch-rate="1.0" complexity="0">
							<lines>
								<line number="822" hits="1" branch="false"/>
								<line number="823" hits="1" branch="false"/>
								<line number="824" hits="8" branch="true" condition-coverage="100% (2/2)">
									<conditions>
										<condition number="0" type="jump" coverage="100%"/>
									</conditions>
								</line>
								<line number="825" hits="7" branch="false"/>
								<line number="826" hits="7" branch="false"/>
								<line number="827" hits="7" branch="false"/>
								<line number="828" hits="1" branch="false"/>
							</lines>
						</method>
						<method name="getRevisedGraphsSparql" signature="()Lcom/hp/hpl/jena/query/ResultSet;" line-rate="1.0" branch-rate="1.0" complexity="0">
							<lines>
								<line number="806" hits="1" branch="false"/>
								<line number="812" hits="1" branch="false"/>
							</lines>
						</method>
						<method name="getRevisedGraphsSparql" signature="(Ljava/lang/String;)Ljava/lang/String;" line-rate="1.0" branch-rate="1.0" complexity="0">
							<lines>
								<line number="790" hits="1" branch="false"/>
								<line number="796" hits="1" branch="false"/>
							</lines>
						</method>
						<method name="getRevisionInformation" signature="(Ljava/lang/String;Ljava/lang/String;)Ljava/lang/String;" line-rate="0.75" branch-rate="0.5" complexity="0">
							<lines>
								<line number="758" hits="2" branch="true" condition-coverage="50% (1/2)">
									<conditions>
										<condition number="0" type="jump" coverage="50%"/>
									</conditions>
								</line>
								<line number="759" hits="0" branch="false"/>
								<line number="766" hits="2" branch="false"/>
								<line number="779" hits="2" branch="false"/>
							</lines>
						</method>
						<method name="getRevisionNumber" signature="(Ljava/lang/String;Ljava/lang/String;)Ljava/lang/String;" line-rate="0.75" branch-rate="0.5" complexity="0">
							<lines>
								<line number="556" hits="513" branch="false"/>
								<line number="562" hits="513" branch="false"/>
								<line number="563" hits="513" branch="true" condition-coverage="50% (1/2)">
									<conditions>
										<condition number="0" type="jump" coverage="50%"/>
									</conditions>
								</line>
								<line number="564" hits="513" branch="false"/>
								<line number="565" hits="513" branch="true" condition-coverage="50% (1/2)">
									<conditions>
										<condition number="0" type="jump" coverage="50%"/>
									</conditions>
								</line>
								<line number="566" hits="0" branch="false"/>
								<line number="568" hits="513" branch="false"/>
								<line number="570" hits="0" branch="false"/>
							</lines>
						</method>
						<method name="getRevisionNumberForNewBranch" signature="(Ljava/lang/String;Ljava/lang/String;)Ljava/lang/String;" line-rate="0.9166666666666666" branch-rate="0.75" complexity="0">
							<lines>
								<line number="671" hits="99" branch="false"/>
								<line number="673" hits="99" branch="false"/>
								<line number="675" hits="99" branch="false"/>
								<line number="676" hits="138" branch="true" condition-coverage="50% (1/2)">
									<conditions>
										<condition number="0" type="jump" coverage="50%"/>
									</conditions>
								</line>
								<line number="677" hits="138" branch="false"/>
								<line number="678" hits="138" branch="false"/>
								<line number="684" hits="138" branch="false"/>
								<line number="685" hits="138" branch="true" condition-coverage="100% (2/2)">
									<conditions>
										<condition number="0" type="jump" coverage="100%"/>
									</conditions>
								</line>
								<line number="686" hits="99" branch="false"/>
								<line number="688" hits="39" branch="false"/>
								<line number="689" hits="39" branch="false"/>
								<line number="690" hits="0" branch="false"/>
							</lines>
						</method>
						<method name="getRevisionUri" signature="(Ljava/lang/String;Ljava/lang/String;)Ljava/lang/String;" line-rate="0.6" branch-rate="0.5" complexity="0">
							<lines>
								<line number="462" hits="613" branch="false"/>
								<line number="469" hits="613" branch="false"/>
								<line number="470" hits="613" branch="true" condition-coverage="50% (1/2)">
									<conditions>
										<condition number="0" type="jump" coverage="50%"/>
									</conditions>
								</line>
								<line number="471" hits="613" branch="false"/>
								<line number="472" hits="613" branch="true" condition-coverage="50% (1/2)">
									<conditions>
										<condition number="0" type="jump" coverage="50%"/>
									</conditions>
								</line>
								<line number="473" hits="0" branch="false"/>
[...]
						<line number="136" hits="0" branch="false"/>
						<line number="137" hits="0" branch="false"/>
						<line number="139" hits="0" branch="false"/>
						<line number="141" hits="0" branch="false"/>
						<line number="143" hits="0" branch="false"/>
						<line number="144" hits="0" branch="true" condition-coverage="0% (0/2)">
							<conditions>
								<condition number="0" type="jump" coverage="0%"/>
							</conditions>
						</line>
						<line number="145" hits="0" branch="false"/>
						<line number="146" hits="0" branch="false"/>
						<line number="147" hits="0" branch="false"/>
						<line number="148" hits="0" branch="false"/>
						<line number="151" hits="0" branch="false"/>
						<line number="152" hits="0" branch="false"/>
						<line number="153" hits="0" branch="false"/>
						<line number="157" hits="0" branch="false"/>
						<line number="158" hits="0" branch="false"/>
						<line number="159" hits="0" branch="true" condition-coverage="0% (0/2)">
							<conditions>
								<condition number="0" type="jump" coverage="0%"/>
							</conditions>
						</line>
						<line number="160" hits="0" branch="false"/>
						<line number="161" hits="0" branch="true" condition-coverage="0% (0/2)">
							<conditions>
								<condition number="0" type="jump" coverage="0%"/>
							</conditions>
						</line>
						<line number="162" hits="0" branch="false"/>
						<line number="164" hits="0" branch="false"/>
						<line number="169" hits="0" branch="true" condition-coverage="0% (0/2)">
							<conditions>
								<condition number="0" type="jump" coverage="0%"/>
							</conditions>
						</line>
						<line number="170" hits="0" branch="false"/>
						<line number="171" hits="0" branch="false"/>
						<line number="172" hits="0" branch="false"/>
						<line number="173" hits="0" branch="true" condition-coverage="0% (0/4)">
							<conditions>
								<condition number="0" type="jump" coverage="0%"/>
								<condition number="1" type="jump" coverage="0%"/>
							</conditions>
						</line>
						<line number="174" hits="0" branch="false"/>
						<line number="175" hits="0" branch="false"/>
						<line number="177" hits="0" branch="false"/>
						<line number="180" hits="0" branch="false"/>
						<line number="183" hits="0" branch="false"/>
						<line number="187" hits="0" branch="false"/>
						<line number="189" hits="0" branch="false"/>
						<line number="190" hits="0" branch="false"/>
						<line number="192" hits="0" branch="false"/>
						<line number="193" hits="0" branch="true" condition-coverage="0% (0/2)">
							<conditions>
								<condition number="0" type="jump" coverage="0%"/>
							</conditions>
						</line>
						<line number="194" hits="0" branch="false"/>
						<line number="196" hits="0" branch="false"/>
						<line number="197" hits="0" branch="true" condition-coverage="0% (0/2)">
							<conditions>
								<condition number="0" type="jump" coverage="0%"/>
							</conditions>
						</line>
						<line number="198" hits="0" branch="false"/>
						<line number="201" hits="0" branch="true" condition-coverage="0% (0/2)">
							<conditions>
								<condition number="0" type="jump" coverage="0%"/>
							</conditions>
						</line>
						<line number="202" hits="0" branch="false"/>
						<line number="205" hits="0" branch="true" condition-coverage="0% (0/2)">
							<conditions>
								<condition number="0" type="jump" coverage="0%"/>
							</conditions>
						</line>
						<line number="206" hits="0" branch="false"/>
						<line number="207" hits="0" branch="false"/>
						<line number="210" hits="0" branch="false"/>
						<line number="211" hits="0" branch="false"/>
						<line number="212" hits="0" branch="false"/>
						<line number="229" hits="0" branch="false"/>
						<line number="230" hits="0" branch="false"/>
						<line number="232" hits="0" branch="false"/>
						<line number="233" hits="0" branch="false"/>
						<line number="235" hits="0" branch="false"/>
						<line number="248" hits="0" branch="false"/>
						<line number="250" hits="0" branch="false"/>
						<line number="251" hits="0" branch="false"/>
						<line number="252" hits="0" branch="false"/>
						<line number="253" hits="0" branch="false"/>
						<line number="266" hits="0" branch="false"/>
						<line number="269" hits="0" branch="false"/>
						<line number="270" hits="0" branch="false"/>
						<line number="271" hits="0" branch="false"/>
						<line number="273" hits="0" branch="false"/>
						<line number="275" hits="0" branch="false"/>
						<line number="289" hits="0" branch="false"/>
						<line number="291" hits="0" branch="false"/>
						<line number="292" hits="0" branch="false"/>
						<line number="293" hits="0" branch="false"/>
						<line number="309" hits="0" branch="false"/>
						<line number="310" hits="0" branch="false"/>
						<line number="311" hits="0" branch="false"/>
						<line number="312" hits="0" branch="false"/>
						<line number="324" hits="0" branch="false"/>
						<line number="326" hits="0" branch="false"/>
						<line number="328" hits="0" branch="false"/>
						<line number="330" hits="0" branch="false"/>
						<line number="332" hits="0" branch="false"/>
						<line number="333" hits="0" branch="false"/>
						<line number="334" hits="0" branch="true" condition-coverage="0% (0/2)">
							<conditions>
								<condition number="0" type="jump" coverage="0%"/>
							</conditions>
						</line>
						<line number="335" hits="0" branch="false"/>
						<line number="336" hits="0" branch="false"/>
						<line number="338" hits="0" branch="false"/>
						<line number="339" hits="0" branch="false"/>
						<line number="340" hits="0" branch="true" condition-coverage="0% (0/2)">
							<conditions>
								<condition number="0" type="jump" coverage="0%"/>
							</conditions>
						</line>
						<line number="341" hits="0" branch="false"/>
						<line number="342" hits="0" branch="false"/>
						<line number="345" hits="0" branch="true" condition-coverage="0% (0/2)">
							<conditions>
								<condition number="0" type="jump" coverage="0%"/>
							</conditions>
						</line>
						<line number="346" hits="0" branch="false"/>
						<line number="349" hits="0" branch="false"/>
						<line number="351" hits="0" branch="false"/>
						<line number="352" hits="0" branch="true" condition-coverage="0% (0/2)">
							<conditions>
								<condition number="0" type="jump" coverage="0%"/>
							</conditions>
						</line>
						<line number="353" hits="0" branch="false"/>
						<line number="356" hits="0" branch="false"/>
						<line number="369" hits="0" branch="false"/>
						<line number="371" hits="0" branch="false"/>
						<line number="372" hits="0" branch="false"/>
						<line number="374" hits="0" branch="false"/>
						<line number="377" hits="0" branch="false"/>
						<line number="379" hits="0" branch="false"/>
						<line number="382" hits="0" branch="false"/>
						<line number="383" hits="0" branch="true" condition-coverage="0% (0/2)">
							<conditions>
								<condition number="0" type="jump" coverage="0%"/>
							</conditions>
						</line>
						<line number="384" hits="0" branch="false"/>
						<line number="386" hits="0" branch="false"/>
						<line number="387" hits="0" branch="true" condition-coverage="0% (0/2)">
							<conditions>
								<condition number="0" type="jump" coverage="0%"/>
							</conditions>
						</line>
						<line number="388" hits="0" branch="false"/>
						<line number="391" hits="0" branch="false"/>
						<line number="394" hits="0" branch="false"/>
						<line number="396" hits="0" branch="false"/>
						<line number="399" hits="0" branch="false"/>
						<line number="402" hits="0" branch="false"/>
						<line number="403" hits="0" branch="true" condition-coverage="0% (0/2)">
							<conditions>
								<condition number="0" type="jump" coverage="0%"/>
							</conditions>
						</line>
						<line number="404" hits="0" branch="false"/>
						<line number="407" hits="0" branch="false"/>
						<line number="422" hits="0" branch="false"/>
						<line number="423" hits="0" branch="false"/>
						<line number="425" hits="0" branch="false"/>
						<line number="427" hits="0" branch="false"/>
						<line number="428" hits="0" branch="false"/>
						<line number="441" hits="0" branch="false"/>
						<line number="442" hits="0" branch="false"/>
						<line number="443" hits="0" branch="false"/>
						<line number="444" hits="0" branch="false"/>
						<line number="457" hits="0" branch="false"/>
						<line number="458" hits="0" branch="false"/>
						<line number="459" hits="0" branch="false"/>
						<line number="460" hits="0" branch="false"/>
						<line number="477" hits="0" branch="false"/>
						<line number="478" hits="0" branch="false"/>
						<line number="480" hits="0" branch="false"/>
						<line number="482" hits="0" branch="false"/>
						<line number="484" hits="0" branch="false"/>
						<line number="485" hits="0" branch="false"/>
					</lines>
				</class>
				<class name="de.tud.plt.r43ples.webservice.Misc" filename="de/tud/plt/r43ples/webservice/Misc.java" line-rate="0.0" branch-rate="0.0" complexity="0.0">
					<methods>
						<method name="&lt;clinit&gt;" signature="()V" line-rate="0.0" branch-rate="1.0" complexity="0">
							<lines>
								<line number="31" hits="0" branch="false"/>
							</lines>
						</method>
						<method name="&lt;init&gt;" signature="()V" line-rate="0.0" branch-rate="1.0" complexity="0">
							<lines>
								<line number="29" hits="0" branch="false"/>
							</lines>
						</method>
						<method name="createSampleDataset" signature="(Ljava/lang/String;)Ljava/util/Map;" line-rate="0.0" branch-rate="0.0" complexity="0">
							<lines>
								<line number="57" hits="0" branch="false"/>
								<line number="59" hits="0" branch="true" condition-coverage="0% (0/4)">
									<conditions>
										<condition number="0" type="jump" coverage="0%"/>
										<condition number="1" type="jump" coverage="0%"/>
									</conditions>
								</line>
								<line number="60" hits="0" branch="false"/>
								<line number="62" hits="0" branch="true" condition-coverage="0% (0/4)">
									<conditions>
										<condition number="0" type="jump" coverage="0%"/>
										<condition number="1" type="jump" coverage="0%"/>
									</conditions>
								</line>
								<line number="63" hits="0" branch="false"/>
								<line number="65" hits="0" branch="true" condition-coverage="0% (0/4)">
									<conditions>
										<condition number="0" type="jump" coverage="0%"/>
										<condition number="1" type="jump" coverage="0%"/>
									</conditions>
								</line>
								<line number="66" hits="0" branch="false"/>
								<line number="68" hits="0" branch="true" condition-coverage="0% (0/4)">
									<conditions>
										<condition number="0" type="jump" coverage="0%"/>
										<condition number="1" type="jump" coverage="0%"/>
									</conditions>
								</line>
								<line number="69" hits="0" branch="false"/>
								<line number="71" hits="0" branch="true" condition-coverage="0% (0/4)">
									<conditions>
										<condition number="0" type="jump" coverage="0%"/>
										<condition number="1" type="jump" coverage="0%"/>
									</conditions>
								</line>
								<line number="72" hits="0" branch="false"/>
								<line number="74" hits="0" branch="true" condition-coverage="0% (0/4)">
									<conditions>
										<condition number="0" type="jump" coverage="0%"/>
										<condition number="1" type="jump" coverage="0%"/>
									</conditions>
								</line>
								<line number="75" hits="0" branch="false"/>
								<line number="77" hits="0" branch="true" condition-coverage="0% (0/4)">
									<conditions>
										<condition number="0" type="jump" coverage="0%"/>
										<condition number="1" type="jump" coverage="0%"/>
									</conditions>
								</line>
								<line number="78" hits="0" branch="false"/>
								<line number="80" hits="0" branch="true" condition-coverage="0% (0/4)">
									<conditions>
										<condition number="0" type="jump" coverage="0%"/>
										<condition number="1" type="jump" coverage="0%"/>
									</conditions>
								</line>
								<line number="81" hits="0" branch="false"/>
								<line number="83" hits="0" branch="true" condition-coverage="0% (0/4)">
									<conditions>
										<condition number="0" type="jump" coverage="0%"/>
										<condition number="1" type="jump" coverage="0%"/>
									</conditions>
								</line>
								<line number="84" hits="0" branch="false"/>
								<line number="86" hits="0" branch="false"/>
								<line number="87" hits="0" branch="false"/>
								<line number="89" hits="0" branch="false"/>
							</lines>
						</method>
						<method name="getContentOfGraph" signature="(Ljava/lang/String;Ljava/lang/String;Ljava/lang/String;)Ljavax/ws/rs/core/Response;" line-rate="0.0" branch-rate="0.0" complexity="0">
							<lines>
								<line number="137" hits="0" branch="false"/>
								<line number="138" hits="0" branch="true" condition-coverage="0% (0/2)">
									<conditions>
										<condition number="0" type="jump" coverage="0%"/>
									</conditions>
								</line>
								<line number="139" hits="0" branch="false"/>
								<line number="140" hits="0" branch="false"/>
								<line number="141" hits="0" branch="false"/>
								<line number="142" hits="0" branch="false"/>
							</lines>
						</method>
						<method name="getLandingPage" signature="()Ljava/util/Map;" line-rate="0.0" branch-rate="1.0" complexity="0">
							<lines>
								<line number="41" hits="0" branch="false"/>
								<line number="42" hits="0" branch="false"/>
								<line number="43" hits="0" branch="false"/>
								<line number="44" hits="0" branch="false"/>
								<line number="45" hits="0" branch="false"/>
							</lines>
						</method>
						<method name="getRevisionGraph" signature="(Ljava/lang/String;Ljava/lang/String;Ljava/lang/String;)Ljavax/ws/rs/core/Response;" line-rate="0.0" branch-rate="0.0" complexity="0">
							<lines>
								<line number="107" hits="0" branch="true" condition-coverage="0% (0/2)">
									<conditions>
										<condition number="0" type="jump" coverage="0%"/>
									</conditions>
								</line>
								<line number="108" hits="0" branch="false"/>
								<line number="110" hits="0" branch="false"/>
								<line number="111" hits="0" branch="true" condition-coverage="0% (0/2)">
									<conditions>
										<condition number="0" type="jump" coverage="0%"/>
									</conditions>
								</line>
								<line number="112" hits="0" branch="false"/>
								<line number="113" hits="0" branch="false"/>
								<line number="114" hits="0" branch="true" condition-coverage="0% (0/2)">
									<conditions>
										<condition number="0" type="jump" coverage="0%"/>
									</conditions>
								</line>
								<line number="115" hits="0" branch="false"/>
								<line number="118" hits="0" branch="false"/>
								<line number="119" hits="0" branch="false"/>
								<line number="121" hits="0" branch="false"/>
							</lines>
						</method>
					</methods>
					<lines>
						<line number="29" hits="0" branch="false"/>
						<line number="31" hits="0" branch="false"/>
						<line number="41" hits="0" branch="false"/>
						<line number="42" hits="0" branch="false"/>
						<line number="43" hits="0" branch="false"/>
						<line number="44" hits="0" branch="false"/>
						<line number="45" hits="0" branch="false"/>
						<line number="57" hits="0" branch="false"/>
						<line number="59" hits="0" branch="true" condition-coverage="0% (0/4)">
							<conditions>
								<condition number="0" type="jump" coverage="0%"/>
								<condition number="1" type="jump" coverage="0%"/>
							</conditions>
						</line>
						<line number="60" hits="0" branch="false"/>
						<line number="62" hits="0" branch="true" condition-coverage="0% (0/4)">
							<conditions>
								<condition number="0" type="jump" coverage="0%"/>
								<condition number="1" type="jump" coverage="0%"/>
							</conditions>
						</line>
						<line number="63" hits="0" branch="false"/>
						<line number="65" hits="0" branch="true" condition-coverage="0% (0/4)">
							<conditions>
								<condition number="0" type="jump" coverage="0%"/>
								<condition number="1" type="jump" coverage="0%"/>
							</conditions>
						</line>
						<line number="66" hits="0" branch="false"/>
						<line number="68" hits="0" branch="true" condition-coverage="0% (0/4)">
							<conditions>
								<condition number="0" type="jump" coverage="0%"/>
								<condition number="1" type="jump" coverage="0%"/>
							</conditions>
						</line>
						<line number="69" hits="0" branch="false"/>
						<line number="71" hits="0" branch="true" condition-coverage="0% (0/4)">
							<conditions>
								<condition number="0" type="jump" coverage="0%"/>
								<condition number="1" type="jump" coverage="0%"/>
							</conditions>
						</line>
						<line number="72" hits="0" branch="false"/>
						<line number="74" hits="0" branch="true" condition-coverage="0% (0/4)">
							<conditions>
								<condition number="0" type="jump" coverage="0%"/>
								<condition number="1" type="jump" coverage="0%"/>
							</conditions>
						</line>
						<line number="75" hits="0" branch="false"/>
						<line number="77" hits="0" branch="true" condition-coverage="0% (0/4)">
							<conditions>
								<condition number="0" type="jump" coverage="0%"/>
								<condition number="1" type="jump" coverage="0%"/>
							</conditions>
						</line>
						<line number="78" hits="0" branch="false"/>
						<line number="80" hits="0" branch="true" condition-coverage="0% (0/4)">
							<conditions>
								<condition number="0" type="jump" coverage="0%"/>
								<condition number="1" type="jump" coverage="0%"/>
							</conditions>
						</line>
						<line number="81" hits="0" branch="false"/>
						<line number="83" hits="0" branch="true" condition-coverage="0% (0/4)">
							<conditions>
								<condition number="0" type="jump" coverage="0%"/>
								<condition number="1" type="jump" coverage="0%"/>
							</conditions>
						</line>
						<line number="84" hits="0" branch="false"/>
						<line number="86" hits="0" branch="false"/>
						<line number="87" hits="0" branch="false"/>
						<line number="89" hits="0" branch="false"/>
						<line number="107" hits="0" branch="true" condition-coverage="0% (0/2)">
							<conditions>
								<condition number="0" type="jump" coverage="0%"/>
							</conditions>
						</line>
						<line number="108" hits="0" branch="false"/>
						<line number="110" hits="0" branch="false"/>
						<line number="111" hits="0" branch="true" condition-coverage="0% (0/2)">
							<conditions>
								<condition number="0" type="jump" coverage="0%"/>
							</conditions>
						</line>
						<line number="112" hits="0" branch="false"/>
						<line number="113" hits="0" branch="false"/>
						<line number="114" hits="0" branch="true" condition-coverage="0% (0/2)">
							<conditions>
								<condition number="0" type="jump" coverage="0%"/>
							</conditions>
						</line>
						<line number="115" hits="0" branch="false"/>
						<line number="118" hits="0" branch="false"/>
						<line number="119" hits="0" branch="false"/>
						<line number="121" hits="0" branch="false"/>
						<line number="137" hits="0" branch="false"/>
						<line number="138" hits="0" branch="true" condition-coverage="0% (0/2)">
							<conditions>
								<condition number="0" type="jump" coverage="0%"/>
							</conditions>
						</line>
						<line number="139" hits="0" branch="false"/>
						<line number="140" hits="0" branch="false"/>
						<line number="141" hits="0" branch="false"/>
						<line number="142" hits="0" branch="false"/>
					</lines>
				</class>
			</classes>
		</package>
	</packages>
</coverage>
