<?xml version="1.0"?>
<!DOCTYPE coverage SYSTEM "http://cobertura.sourceforge.net/xml/coverage-04.dtd">

<coverage line-rate="0.3509075194468453" branch-rate="0.28885135135135137" lines-covered="812" lines-valid="2314" branches-covered="171" branches-valid="592" complexity="2.6861924686192467" version="2.0.3" timestamp="1435308998053">
	<sources>
		<source>--source</source>
		<source>/home/travis/build/plt-tud/r43ples/src/main/java</source>
	</sources>
	<packages>
		<package name="de.tud.plt.r43ples" line-rate="0.0" branch-rate="0.0" complexity="3.0">
			<classes>
				<class name="de.tud.plt.r43ples.R43plesService" filename="de/tud/plt/r43ples/R43plesService.java" line-rate="0.0" branch-rate="0.0" complexity="3.0">
					<methods>
						<method name="&lt;clinit&gt;" signature="()V" line-rate="0.0" branch-rate="1.0">
							<lines>
								<line number="41" hits="0" branch="false"/>
							</lines>
						</method>
						<method name="&lt;init&gt;" signature="()V" line-rate="0.0" branch-rate="1.0">
							<lines>
								<line number="38" hits="0" branch="false"/>
							</lines>
						</method>
						<method name="main" signature="([Ljava/lang/String;)V" line-rate="0.0" branch-rate="0.0">
							<lines>
								<line number="60" hits="0" branch="false"/>
								<line number="61" hits="0" branch="false"/>
								<line number="65" hits="0" branch="false"/>
								<line number="66" hits="0" branch="false"/>
								<line number="67" hits="0" branch="false"/>
								<line number="68" hits="0" branch="false"/>
								<line number="69" hits="0" branch="false"/>
								<line number="70" hits="0" branch="false"/>
								<line number="72" hits="0" branch="true" condition-coverage="0% (0/2)">
									<conditions>
										<condition number="0" type="jump" coverage="0%"/>
									</conditions>
								</line>
								<line number="73" hits="0" branch="false"/>
								<line number="74" hits="0" branch="false"/>
								<line number="77" hits="0" branch="false"/>
								<line number="78" hits="0" branch="false"/>
								<line number="82" hits="0" branch="false"/>
								<line number="83" hits="0" branch="false"/>
								<line number="84" hits="0" branch="false"/>
								<line number="85" hits="0" branch="false"/>
								<line number="86" hits="0" branch="false"/>
								<line number="87" hits="0" branch="false"/>
								<line number="88" hits="0" branch="false"/>
								<line number="89" hits="0" branch="false"/>
							</lines>
						</method>
						<method name="start" signature="()V" line-rate="0.0" branch-rate="0.0">
							<lines>
								<line number="101" hits="0" branch="false"/>
								<line number="104" hits="0" branch="false"/>
								<line number="111" hits="0" branch="false"/>
								<line number="114" hits="0" branch="true" condition-coverage="0% (0/4)">
									<conditions>
										<condition number="0" type="jump" coverage="0%"/>
										<condition number="1" type="jump" coverage="0%"/>
									</conditions>
								</line>
								<line number="115" hits="0" branch="false"/>
								<line number="116" hits="0" branch="false"/>
								<line number="117" hits="0" branch="false"/>
								<line number="118" hits="0" branch="false"/>
								<line number="121" hits="0" branch="true" condition-coverage="0% (0/2)">
									<conditions>
										<condition number="0" type="jump" coverage="0%"/>
									</conditions>
								</line>
								<line number="122" hits="0" branch="false"/>
								<line number="123" hits="0" branch="false"/>
								<line number="124" hits="0" branch="false"/>
								<line number="126" hits="0" branch="false"/>
								<line number="127" hits="0" branch="false"/>
								<line number="128" hits="0" branch="false"/>
								<line number="131" hits="0" branch="false"/>
								<line number="134" hits="0" branch="false"/>
								<line number="136" hits="0" branch="false"/>
								<line number="138" hits="0" branch="false"/>
								<line number="139" hits="0" branch="true" condition-coverage="0% (0/2)">
									<conditions>
										<condition number="0" type="jump" coverage="0%"/>
									</conditions>
								</line>
								<line number="140" hits="0" branch="false"/>
								<line number="142" hits="0" branch="false"/>
								<line number="143" hits="0" branch="false"/>
							</lines>
						</method>
						<method name="stop" signature="()V" line-rate="0.0" branch-rate="1.0">
							<lines>
								<line number="150" hits="0" branch="false"/>
								<line number="151" hits="0" branch="false"/>
								<line number="152" hits="0" branch="false"/>
								<line number="153" hits="0" branch="false"/>
							</lines>
						</method>
					</methods>
					<lines>
						<line number="38" hits="0" branch="false"/>
						<line number="41" hits="0" branch="false"/>
						<line number="60" hits="0" branch="false"/>
						<line number="61" hits="0" branch="false"/>
						<line number="65" hits="0" branch="false"/>
						<line number="66" hits="0" branch="false"/>
						<line number="67" hits="0" branch="false"/>
						<line number="68" hits="0" branch="false"/>
						<line number="69" hits="0" branch="false"/>
						<line number="70" hits="0" branch="false"/>
						<line number="72" hits="0" branch="true" condition-coverage="0% (0/2)">
							<conditions>
								<condition number="0" type="jump" coverage="0%"/>
							</conditions>
						</line>
						<line number="73" hits="0" branch="false"/>
						<line number="74" hits="0" branch="false"/>
						<line number="77" hits="0" branch="false"/>
						<line number="78" hits="0" branch="false"/>
						<line number="82" hits="0" branch="false"/>
						<line number="83" hits="0" branch="false"/>
						<line number="84" hits="0" branch="false"/>
						<line number="85" hits="0" branch="false"/>
						<line number="86" hits="0" branch="false"/>
						<line number="87" hits="0" branch="false"/>
						<line number="88" hits="0" branch="false"/>
						<line number="89" hits="0" branch="false"/>
						<line number="101" hits="0" branch="false"/>
						<line number="104" hits="0" branch="false"/>
						<line number="111" hits="0" branch="false"/>
						<line number="114" hits="0" branch="true" condition-coverage="0% (0/4)">
							<conditions>
								<condition number="0" type="jump" coverage="0%"/>
								<condition number="1" type="jump" coverage="0%"/>
							</conditions>
						</line>
						<line number="115" hits="0" branch="false"/>
						<line number="116" hits="0" branch="false"/>
						<line number="117" hits="0" branch="false"/>
						<line number="118" hits="0" branch="false"/>
						<line number="121" hits="0" branch="true" condition-coverage="0% (0/2)">
							<conditions>
								<condition number="0" type="jump" coverage="0%"/>
							</conditions>
						</line>
						<line number="122" hits="0" branch="false"/>
						<line number="123" hits="0" branch="false"/>
						<line number="124" hits="0" branch="false"/>
						<line number="126" hits="0" branch="false"/>
						<line number="127" hits="0" branch="false"/>
						<line number="128" hits="0" branch="false"/>
						<line number="131" hits="0" branch="false"/>
						<line number="134" hits="0" branch="false"/>
						<line number="136" hits="0" branch="false"/>
						<line number="138" hits="0" branch="false"/>
						<line number="139" hits="0" branch="true" condition-coverage="0% (0/2)">
							<conditions>
								<condition number="0" type="jump" coverage="0%"/>
							</conditions>
						</line>
						<line number="140" hits="0" branch="false"/>
						<line number="142" hits="0" branch="false"/>
						<line number="143" hits="0" branch="false"/>
						<line number="150" hits="0" branch="false"/>
						<line number="151" hits="0" branch="false"/>
						<line number="152" hits="0" branch="false"/>
						<line number="153" hits="0" branch="false"/>
					</lines>
				</class>
				<class name="de.tud.plt.r43ples.R43plesService$1" filename="de/tud/plt/r43ples/R43plesService.java" line-rate="0.0" branch-rate="1.0" complexity="3.0">
					<methods>
						<method name="&lt;init&gt;" signature="()V" line-rate="0.0" branch-rate="1.0">
							<lines>
								<line number="78" hits="0" branch="false"/>
							</lines>
						</method>
						<method name="run" signature="()V" line-rate="0.0" branch-rate="1.0">
							<lines>
								<line number="79" hits="0" branch="false"/>
							</lines>
						</method>
					</methods>
					<lines>
						<line number="78" hits="0" branch="false"/>
						<line number="79" hits="0" branch="false"/>
					</lines>
				</class>
			</classes>
		</package>
		<package name="de.tud.plt.r43ples.client" line-rate="0.0" branch-rate="0.0" complexity="3.6666666666666665">
			<classes>
				<class name="de.tud.plt.r43ples.client.ConsoleClient" filename="de/tud/plt/r43ples/client/ConsoleClient.java" line-rate="0.0" branch-rate="0.0" complexity="4.5">
					<methods>
						<method name="&lt;clinit&gt;" signature="()V" line-rate="0.0" branch-rate="1.0">
							<lines>
								<line number="20" hits="0" branch="false"/>
							</lines>
						</method>
						<method name="&lt;init&gt;" signature="()V" line-rate="0.0" branch-rate="1.0">
							<lines>
								<line number="18" hits="0" branch="false"/>
							</lines>
						</method>
						<method name="main" signature="([Ljava/lang/String;)V" line-rate="0.0" branch-rate="0.0">
							<lines>
								<line number="26" hits="0" branch="false"/>
								<line number="27" hits="0" branch="false"/>
								<line number="31" hits="0" branch="false"/>
								<line number="32" hits="0" branch="false"/>
								<line number="33" hits="0" branch="false"/>
								<line number="34" hits="0" branch="false"/>
								<line number="35" hits="0" branch="false"/>
								<line number="36" hits="0" branch="false"/>
								<line number="37" hits="0" branch="false"/>
								<line number="39" hits="0" branch="true" condition-coverage="0% (0/2)">
									<conditions>
										<condition number="0" type="jump" coverage="0%"/>
									</conditions>
								</line>
								<line number="40" hits="0" branch="false"/>
								<line number="41" hits="0" branch="false"/>
								<line number="46" hits="0" branch="false"/>
								<line number="47" hits="0" branch="false"/>
								<line number="48" hits="0" branch="false"/>
								<line number="49" hits="0" branch="false"/>
								<line number="50" hits="0" branch="false"/>
								<line number="51" hits="0" branch="false"/>
								<line number="52" hits="0" branch="false"/>
								<line number="53" hits="0" branch="false"/>
								<line number="55" hits="0" branch="false"/>
								<line number="58" hits="0" branch="true" condition-coverage="0% (0/2)">
									<conditions>
										<condition number="0" type="jump" coverage="0%"/>
									</conditions>
								</line>
								<line number="59" hits="0" branch="false"/>
								<line number="60" hits="0" branch="false"/>
								<line number="61" hits="0" branch="false"/>
								<line number="62" hits="0" branch="false"/>
								<line number="64" hits="0" branch="false"/>
								<line number="65" hits="0" branch="false"/>
								<line number="67" hits="0" branch="false"/>
								<line number="68" hits="0" branch="false"/>
								<line number="70" hits="0" branch="false"/>
							</lines>
						</method>
						<method name="readFile" signature="(Ljava/lang/String;)Ljava/lang/String;" line-rate="0.0" branch-rate="0.0">
							<lines>
								<line number="78" hits="0" branch="true" condition-coverage="0% (0/2)">
									<conditions>
										<condition number="0" type="jump" coverage="0%"/>
									</conditions>
								</line>
								<line number="79" hits="0" branch="false"/>
								<line number="81" hits="0" branch="true" condition-coverage="0% (0/4)">
									<conditions>
										<condition number="0" type="jump" coverage="0%"/>
										<condition number="1" type="jump" coverage="0%"/>
									</conditions>
								</line>
								<line number="82" hits="0" branch="false"/>
								<line number="85" hits="0" branch="false"/>
								<line number="87" hits="0" branch="false"/>
								<line number="89" hits="0" branch="false"/>
							</lines>
						</method>
					</methods>
					<lines>
						<line number="18" hits="0" branch="false"/>
						<line number="20" hits="0" branch="false"/>
						<line number="26" hits="0" branch="false"/>
						<line number="27" hits="0" branch="false"/>
						<line number="31" hits="0" branch="false"/>
						<line number="32" hits="0" branch="false"/>
						<line number="33" hits="0" branch="false"/>
						<line number="34" hits="0" branch="false"/>
						<line number="35" hits="0" branch="false"/>
						<line number="36" hits="0" branch="false"/>
						<line number="37" hits="0" branch="false"/>
						<line number="39" hits="0" branch="true" condition-coverage="0% (0/2)">
							<conditions>
								<condition number="0" type="jump" coverage="0%"/>
							</conditions>
						</line>
						<line number="40" hits="0" branch="false"/>
						<line number="41" hits="0" branch="false"/>
						<line number="46" hits="0" branch="false"/>
						<line number="47" hits="0" branch="false"/>
						<line number="48" hits="0" branch="false"/>
						<line number="49" hits="0" branch="false"/>
						<line number="50" hits="0" branch="false"/>
						<line number="51" hits="0" branch="false"/>
						<line number="52" hits="0" branch="false"/>
						<line number="53" hits="0" branch="false"/>
						<line number="55" hits="0" branch="false"/>
						<line number="58" hits="0" branch="true" condition-coverage="0% (0/2)">
							<conditions>
								<condition number="0" type="jump" coverage="0%"/>
							</conditions>
						</line>
						<line number="59" hits="0" branch="false"/>
						<line number="60" hits="0" branch="false"/>
						<line number="61" hits="0" branch="false"/>
						<line number="62" hits="0" branch="false"/>
						<line number="64" hits="0" branch="false"/>
						<line number="65" hits="0" branch="false"/>
						<line number="67" hits="0" branch="false"/>
						<line number="68" hits="0" branch="false"/>
						<line number="70" hits="0" branch="false"/>
						<line number="78" hits="0" branch="true" condition-coverage="0% (0/2)">
							<conditions>
								<condition number="0" type="jump" coverage="0%"/>
							</conditions>
						</line>
						<line number="79" hits="0" branch="false"/>
						<line number="81" hits="0" branch="true" condition-coverage="0% (0/4)">
							<conditions>
								<condition number="0" type="jump" coverage="0%"/>
								<condition number="1" type="jump" coverage="0%"/>
							</conditions>
						</line>
						<line number="82" hits="0" branch="false"/>
						<line number="85" hits="0" branch="false"/>
						<line number="87" hits="0" branch="false"/>
						<line number="89" hits="0" branch="false"/>
					</lines>
				</class>
				<class name="de.tud.plt.r43ples.client.ConsoleClientArgs" filename="de/tud/plt/r43ples/client/ConsoleClientArgs.java" line-rate="0.0" branch-rate="1.0" complexity="0.0">
					<methods>
						<method name="&lt;init&gt;" signature="()V" line-rate="0.0" branch-rate="1.0">
							<lines>
								<line number="7" hits="0" branch="false"/>
								<line number="21" hits="0" branch="false"/>
								<line number="24" hits="0" branch="false"/>
								<line number="27" hits="0" branch="false"/>
								<line number="30" hits="0" branch="false"/>
							</lines>
						</method>
					</methods>
					<lines>
						<line number="7" hits="0" branch="false"/>
						<line number="21" hits="0" branch="false"/>
						<line number="24" hits="0" branch="false"/>
						<line number="27" hits="0" branch="false"/>
						<line number="30" hits="0" branch="false"/>
					</lines>
				</class>
				<class name="de.tud.plt.r43ples.client.PreparationDBpediaTest" filename="de/tud/plt/r43ples/client/PreparationDBpediaTest.java" line-rate="0.0" branch-rate="0.0" complexity="2.0">
					<methods>
						<method name="&lt;clinit&gt;" signature="()V" line-rate="0.0" branch-rate="1.0">
							<lines>
								<line number="14" hits="0" branch="false"/>
							</lines>
						</method>
						<method name="&lt;init&gt;" signature="()V" line-rate="0.0" branch-rate="1.0">
							<lines>
								<line number="12" hits="0" branch="false"/>
							</lines>
						</method>
						<method name="main" signature="([Ljava/lang/String;)V" line-rate="0.0" branch-rate="0.0">
							<lines>
								<line number="18" hits="0" branch="false"/>
								<line number="20" hits="0" branch="false"/>
								<line number="22" hits="0" branch="false"/>
								<line number="24" hits="0" branch="false"/>
								<line number="27" hits="0" branch="false"/>
								<line number="29" hits="0" branch="false"/>
								<line number="32" hits="0" branch="false"/>
								<line number="34" hits="0" branch="false"/>
								<line number="37" hits="0" branch="false"/>
								<line number="38" hits="0" branch="true" condition-coverage="0% (0/2)">
									<conditions>
										<condition number="0" type="jump" coverage="0%"/>
									</conditions>
								</line>
								<line number="39" hits="0" branch="false"/>
								<line number="40" hits="0" branch="false"/>
								<line number="41" hits="0" branch="false"/>
								<line number="42" hits="0" branch="false"/>
								<line number="43" hits="0" branch="false"/>
								<line number="44" hits="0" branch="false"/>
								<line number="47" hits="0" branch="false"/>
								<line number="48" hits="0" branch="false"/>
								<line number="56" hits="0" branch="false"/>
								<line number="62" hits="0" branch="false"/>
								<line number="63" hits="0" branch="false"/>
							</lines>
						</method>
					</methods>
					<lines>
						<line number="12" hits="0" branch="false"/>
						<line number="14" hits="0" branch="false"/>
						<line number="18" hits="0" branch="false"/>
						<line number="20" hits="0" branch="false"/>
						<line number="22" hits="0" branch="false"/>
						<line number="24" hits="0" branch="false"/>
						<line number="27" hits="0" branch="false"/>
						<line number="29" hits="0" branch="false"/>
						<line number="32" hits="0" branch="false"/>
						<line number="34" hits="0" branch="false"/>
						<line number="37" hits="0" branch="false"/>
						<line number="38" hits="0" branch="true" condition-coverage="0% (0/2)">
							<conditions>
								<condition number="0" type="jump" coverage="0%"/>
							</conditions>
						</line>
						<line number="39" hits="0" branch="false"/>
						<line number="40" hits="0" branch="false"/>
						<line number="41" hits="0" branch="false"/>
						<line number="42" hits="0" branch="false"/>
						<line number="43" hits="0" branch="false"/>
						<line number="44" hits="0" branch="false"/>
						<line number="47" hits="0" branch="false"/>
						<line number="48" hits="0" branch="false"/>
						<line number="56" hits="0" branch="false"/>
						<line number="62" hits="0" branch="false"/>
						<line number="63" hits="0" branch="false"/>
					</lines>
				</class>
				<class name="de.tud.plt.r43ples.client.R43plesArgs" filename="de/tud/plt/r43ples/client/R43plesArgs.java" line-rate="0.0" branch-rate="1.0" complexity="0.0">
					<methods>
						<method name="&lt;init&gt;" signature="()V" line-rate="0.0" branch-rate="1.0">
							<lines>
								<line number="6" hits="0" branch="false"/>
								<line number="8" hits="0" branch="false"/>
							</lines>
						</method>
					</methods>
					<lines>
						<line number="6" hits="0" branch="false"/>
						<line number="8" hits="0" branch="false"/>
					</lines>
				</class>
			</classes>
		</package>
		<package name="de.tud.plt.r43ples.exception" line-rate="0.0" branch-rate="1.0" complexity="1.0">
			<classes>
				<class name="de.tud.plt.r43ples.exception.IdentifierAlreadyExistsException" filename="de/tud/plt/r43ples/exception/IdentifierAlreadyExistsException.java" line-rate="0.0" branch-rate="1.0" complexity="1.0">
					<methods>
						<method name="&lt;init&gt;" signature="(Ljava/lang/String;)V" line-rate="0.0" branch-rate="1.0">
							<lines>
								<line number="18" hits="0" branch="false"/>
								<line number="19" hits="0" branch="false"/>
							</lines>
						</method>
					</methods>
					<lines>
						<line number="18" hits="0" branch="false"/>
						<line number="19" hits="0" branch="false"/>
					</lines>
				</class>
				<class name="de.tud.plt.r43ples.exception.InternalErrorException" filename="de/tud/plt/r43ples/exception/InternalErrorException.java" line-rate="0.0" branch-rate="1.0" complexity="1.0">
					<methods>
						<method name="&lt;clinit&gt;" signature="()V" line-rate="0.0" branch-rate="1.0">
							<lines>
								<line number="15" hits="0" branch="false"/>
							</lines>
						</method>
						<method name="&lt;init&gt;" signature="(Ljava/lang/String;)V" line-rate="0.0" branch-rate="1.0">
							<lines>
								<line number="25" hits="0" branch="false"/>
								<line number="26" hits="0" branch="false"/>
								<line number="27" hits="0" branch="false"/>
							</lines>
						</method>
					</methods>
					<lines>
						<line number="15" hits="0" branch="false"/>
						<line number="25" hits="0" branch="false"/>
						<line number="26" hits="0" branch="false"/>
						<line number="27" hits="0" branch="false"/>
					</lines>
				</class>
				<class name="de.tud.plt.r43ples.exception.QueryErrorException" filename="de/tud/plt/r43ples/exception/QueryErrorException.java" line-rate="0.0" branch-rate="1.0" complexity="1.0">
					<methods>
						<method name="&lt;init&gt;" signature="(Ljava/lang/String;)V" line-rate="0.0" branch-rate="1.0">
							<lines>
								<line number="18" hits="0" branch="false"/>
								<line number="19" hits="0" branch="false"/>
							</lines>
						</method>
					</methods>
					<lines>
						<line number="18" hits="0" branch="false"/>
						<line number="19" hits="0" branch="false"/>
					</lines>
				</class>
			</classes>
		</package>
		<package name="de.tud.plt.r43ples.management" line-rate="0.5943396226415094" branch-rate="0.5673076923076923" complexity="3.0533333333333332">
			<classes>
				<class name="de.tud.plt.r43ples.management.Config" filename="de/tud/plt/r43ples/management/Config.java" line-rate="0.8" branch-rate="1.0" complexity="2.0">
					<methods>
						<method name="&lt;clinit&gt;" signature="()V" line-rate="1.0" branch-rate="1.0">
							<lines>
								<line number="50" hits="1" branch="false"/>
							</lines>
						</method>
						<method name="&lt;init&gt;" signature="()V" line-rate="0.0" branch-rate="1.0">
							<lines>
								<line number="16" hits="0" branch="false"/>
							</lines>
						</method>
						<method name="readConfig" signature="(Ljava/lang/String;)V" line-rate="0.8333333333333334" branch-rate="1.0">
							<lines>
								<line number="62" hits="6" branch="false"/>
								<line number="64" hits="6" branch="false"/>
								<line number="65" hits="6" branch="false"/>
								<line number="66" hits="6" branch="false"/>
								<line number="67" hits="6" branch="false"/>
								<line number="69" hits="6" branch="false"/>
								<line number="70" hits="6" branch="false"/>
								<line number="71" hits="6" branch="false"/>
								<line number="73" hits="6" branch="false"/>
								<line number="74" hits="6" branch="false"/>
								<line number="76" hits="6" branch="false"/>
								<line number="78" hits="6" branch="false"/>
								<line number="79" hits="6" branch="false"/>
								<line number="81" hits="0" branch="false"/>
								<line number="82" hits="0" branch="false"/>
								<line number="83" hits="0" branch="false"/>
								<line number="84" hits="6" branch="false"/>
								<line number="85" hits="6" branch="false"/>
							</lines>
						</method>
					</methods>
					<lines>
						<line number="16" hits="0" branch="false"/>
						<line number="50" hits="1" branch="false"/>
						<line number="62" hits="6" branch="false"/>
						<line number="64" hits="6" branch="false"/>
						<line number="65" hits="6" branch="false"/>
						<line number="66" hits="6" branch="false"/>
						<line number="67" hits="6" branch="false"/>
						<line number="69" hits="6" branch="false"/>
						<line number="70" hits="6" branch="false"/>
						<line number="71" hits="6" branch="false"/>
						<line number="73" hits="6" branch="false"/>
						<line number="74" hits="6" branch="false"/>
						<line number="76" hits="6" branch="false"/>
						<line number="78" hits="6" branch="false"/>
						<line number="79" hits="6" branch="false"/>
						<line number="81" hits="0" branch="false"/>
						<line number="82" hits="0" branch="false"/>
						<line number="83" hits="0" branch="false"/>
						<line number="84" hits="6" branch="false"/>
						<line number="85" hits="6" branch="false"/>
					</lines>
				</class>
				<class name="de.tud.plt.r43ples.management.DatasetGenerationManagement" filename="de/tud/plt/r43ples/management/DatasetGenerationManagement.java" line-rate="0.6206896551724138" branch-rate="1.0" complexity="1.0">
					<methods>
						<method name="&lt;clinit&gt;" signature="()V" line-rate="1.0" branch-rate="1.0">
							<lines>
								<line number="23" hits="1" branch="false"/>
								<line number="25" hits="1" branch="false"/>
							</lines>
						</method>
						<method name="&lt;init&gt;" signature="()V" line-rate="0.0" branch-rate="1.0">
							<lines>
								<line number="20" hits="0" branch="false"/>
							</lines>
						</method>
						<method name="createNewBranch" signature="(Ljava/lang/String;Ljava/lang/String;Ljava/lang/String;Ljava/lang/String;Ljava/lang/String;)V" line-rate="1.0" branch-rate="1.0">
							<lines>
								<line number="58" hits="10" branch="false"/>
								<line number="62" hits="10" branch="false"/>
								<line number="63" hits="10" branch="false"/>
								<line number="64" hits="10" branch="false"/>
							</lines>
						</method>
						<method name="createNewGraph" signature="(Ljava/lang/String;)V" line-rate="1.0" branch-rate="1.0">
							<lines>
								<line number="36" hits="5" branch="false"/>
								<line number="37" hits="5" branch="false"/>
								<line number="40" hits="5" branch="false"/>
								<line number="41" hits="5" branch="false"/>
								<line number="43" hits="5" branch="false"/>
								<line number="44" hits="5" branch="false"/>
							</lines>
						</method>
						<method name="executeDeleteQuery" signature="(Ljava/lang/String;Ljava/lang/String;Ljava/lang/String;Ljava/lang/String;Ljava/lang/String;)V" line-rate="0.0" branch-rate="1.0">
							<lines>
								<line number="101" hits="0" branch="false"/>
								<line number="109" hits="0" branch="false"/>
								<line number="110" hits="0" branch="false"/>
							</lines>
						</method>
						<method name="executeDeleteWhereQuery" signature="(Ljava/lang/String;Ljava/lang/String;Ljava/lang/String;Ljava/lang/String;Ljava/lang/String;)V" line-rate="0.0" branch-rate="1.0">
							<lines>
								<line number="124" hits="0" branch="false"/>
								<line number="137" hits="0" branch="false"/>
								<line number="138" hits="0" branch="false"/>
							</lines>
						</method>
						<method name="executeInsertDeleteQuery" signature="(Ljava/lang/String;Ljava/lang/String;Ljava/lang/String;Ljava/lang/String;Ljava/lang/String;Ljava/lang/String;)V" line-rate="1.0" branch-rate="1.0">
							<lines>
								<line number="153" hits="15" branch="false"/>
								<line number="166" hits="15" branch="false"/>
								<line number="167" hits="15" branch="false"/>
							</lines>
						</method>
						<method name="executeInsertQuery" signature="(Ljava/lang/String;Ljava/lang/String;Ljava/lang/String;Ljava/lang/String;Ljava/lang/String;)V" line-rate="1.0" branch-rate="1.0">
							<lines>
								<line number="78" hits="15" branch="false"/>
								<line number="86" hits="15" branch="false"/>
								<line number="87" hits="15" branch="false"/>
							</lines>
						</method>
						<method name="readFileToString" signature="(Ljava/lang/String;)Ljava/lang/String;" line-rate="0.0" branch-rate="1.0">
							<lines>
								<line number="178" hits="0" branch="false"/>
								<line number="179" hits="0" branch="false"/>
								<line number="180" hits="0" branch="false"/>
								<line number="181" hits="0" branch="false"/>
							</lines>
						</method>
					</methods>
					<lines>
						<line number="20" hits="0" branch="false"/>
						<line number="23" hits="1" branch="false"/>
						<line number="25" hits="1" branch="false"/>
						<line number="36" hits="5" branch="false"/>
						<line number="37" hits="5" branch="false"/>
						<line number="40" hits="5" branch="false"/>
						<line number="41" hits="5" branch="false"/>
						<line number="43" hits="5" branch="false"/>
						<line number="44" hits="5" branch="false"/>
						<line number="58" hits="10" branch="false"/>
						<line number="62" hits="10" branch="false"/>
						<line number="63" hits="10" branch="false"/>
						<line number="64" hits="10" branch="false"/>
						<line number="78" hits="15" branch="false"/>
						<line number="86" hits="15" branch="false"/>
						<line number="87" hits="15" branch="false"/>
						<line number="101" hits="0" branch="false"/>
						<line number="109" hits="0" branch="false"/>
						<line number="110" hits="0" branch="false"/>
						<line number="124" hits="0" branch="false"/>
						<line number="137" hits="0" branch="false"/>
						<line number="138" hits="0" branch="false"/>
						<line number="153" hits="15" branch="false"/>
						<line number="166" hits="15" branch="false"/>
						<line number="167" hits="15" branch="false"/>
						<line number="178" hits="0" branch="false"/>
						<line number="179" hits="0" branch="false"/>
						<line number="180" hits="0" branch="false"/>
						<line number="181" hits="0" branch="false"/>
					</lines>
				</class>
				<class name="de.tud.plt.r43ples.management.GitRepositoryState" filename="de/tud/plt/r43ples/management/GitRepositoryState.java" line-rate="0.9166666666666666" branch-rate="1.0" complexity="2.0">
					<methods>
						<method name="&lt;clinit&gt;" signature="()V" line-rate="1.0" branch-rate="1.0">
							<lines>
								<line number="9" hits="1" branch="false"/>
							</lines>
						</method>
						<method name="&lt;init&gt;" signature="(Lorg/apache/commons/configuration/PropertiesConfiguration;)V" line-rate="1.0" branch-rate="1.0">
							<lines>
								<line number="29" hits="1" branch="false"/>
								<line number="30" hits="1" branch="false"/>
								<line number="31" hits="1" branch="false"/>
								<line number="32" hits="1" branch="false"/>
								<line number="33" hits="1" branch="false"/>
								<line number="34" hits="1" branch="false"/>
								<line number="35" hits="1" branch="false"/>
								<line number="36" hits="1" branch="false"/>
								<line number="37" hits="1" branch="false"/>
								<line number="38" hits="1" branch="false"/>
								<line number="39" hits="1" branch="false"/>
								<line number="40" hits="1" branch="false"/>
								<line number="41" hits="1" branch="false"/>
								<line number="42" hits="1" branch="false"/>
								<line number="43" hits="1" branch="false"/>
								<line number="44" hits="1" branch="false"/>
							</lines>
						</method>
						<method name="getGitRepositoryState" signature="()Lde/tud/plt/r43ples/management/GitRepositoryState;" line-rate="0.7142857142857143" branch-rate="1.0">
							<lines>
								<line number="50" hits="34" branch="true" condition-coverage="100% (2/2)">
									<conditions>
										<condition number="0" type="jump" coverage="100%"/>
									</conditions>
								</line>
								<line number="54" hits="1" branch="false"/>
								<line number="55" hits="1" branch="false"/>
								<line number="56" hits="0" branch="false"/>
								<line number="57" hits="0" branch="false"/>
								<line number="58" hits="1" branch="false"/>
								<line number="61" hits="34" branch="false"/>
							</lines>
						</method>
					</methods>
					<lines>
						<line number="9" hits="1" branch="false"/>
						<line number="29" hits="1" branch="false"/>
						<line number="30" hits="1" branch="false"/>
						<line number="31" hits="1" branch="false"/>
						<line number="32" hits="1" branch="false"/>
						<line number="33" hits="1" branch="false"/>
						<line number="34" hits="1" branch="false"/>
						<line number="35" hits="1" branch="false"/>
						<line number="36" hits="1" branch="false"/>
						<line number="37" hits="1" branch="false"/>
						<line number="38" hits="1" branch="false"/>
						<line number="39" hits="1" branch="false"/>
						<line number="40" hits="1" branch="false"/>
						<line number="41" hits="1" branch="false"/>
						<line number="42" hits="1" branch="false"/>
						<line number="43" hits="1" branch="false"/>
						<line number="44" hits="1" branch="false"/>
						<line number="50" hits="34" branch="true" condition-coverage="100% (2/2)">
							<conditions>
								<condition number="0" type="jump" coverage="100%"/>
							</conditions>
						</line>
						<line number="54" hits="1" branch="false"/>
						<line number="55" hits="1" branch="false"/>
						<line number="56" hits="0" branch="false"/>
						<line number="57" hits="0" branch="false"/>
						<line number="58" hits="1" branch="false"/>
						<line number="61" hits="34" branch="false"/>
					</lines>
				</class>
				<class name="de.tud.plt.r43ples.management.Interface" filename="de/tud/plt/r43ples/management/Interface.java" line-rate="0.5958549222797928" branch-rate="0.3977272727272727" complexity="8.857142857142858">
					<methods>
						<method name="&lt;clinit&gt;" signature="()V" line-rate="1.0" branch-rate="1.0">
							<lines>
								<line number="22" hits="1" branch="false"/>
							</lines>
						</method>
						<method name="&lt;init&gt;" signature="()V" line-rate="0.0" branch-rate="1.0">
							<lines>
								<line number="19" hits="0" branch="false"/>
							</lines>
						</method>
						<method name="getSelectConstructAskResponseClassic" signature="(Ljava/lang/String;Ljava/lang/String;)Ljava/lang/String;" line-rate="0.95" branch-rate="0.875">
							<lines>
								<line number="58" hits="25" branch="false"/>
								<line number="62" hits="25" branch="false"/>
								<line number="64" hits="25" branch="false"/>
								<line number="65" hits="53" branch="true" condition-coverage="100% (2/2)">
									<conditions>
										<condition number="0" type="jump" coverage="100%"/>
									</conditions>
								</line>
								<line number="66" hits="28" branch="false"/>
								<line number="67" hits="28" branch="false"/>
								<line number="68" hits="28" branch="false"/>
								<line number="72" hits="28" branch="true" condition-coverage="50% (1/2)">
									<conditions>
										<condition number="0" type="jump" coverage="50%"/>
									</conditions>
								</line>
								<line number="73" hits="0" branch="false"/>
								<line number="75" hits="28" branch="true" condition-coverage="100% (2/2)">
									<conditions>
										<condition number="0" type="jump" coverage="100%"/>
									</conditions>
								</line>
								<line number="77" hits="3" branch="false"/>
								<line number="79" hits="25" branch="true" condition-coverage="100% (2/2)">
									<conditions>
										<condition number="0" type="jump" coverage="100%"/>
									</conditions>
								</line>
								<line number="80" hits="10" branch="false"/>
								<line number="83" hits="15" branch="false"/>
								<line number="84" hits="15" branch="false"/>
								<line number="88" hits="28" branch="false"/>
								<line number="89" hits="28" branch="false"/>
								<line number="91" hits="28" branch="false"/>
								<line number="92" hits="25" branch="false"/>
								<line number="93" hits="25" branch="false"/>
							</lines>
						</method>
						<method name="sparqlCreateGraph" signature="(Ljava/lang/String;)Ljava/lang/String;" line-rate="0.9230769230769231" branch-rate="0.6666666666666666">
							<lines>
								<line number="195" hits="5" branch="false"/>
								<line number="198" hits="5" branch="false"/>
								<line number="199" hits="5" branch="false"/>
								<line number="200" hits="5" branch="false"/>
								<line number="201" hits="10" branch="true" condition-coverage="100% (2/2)">
									<conditions>
										<condition number="0" type="jump" coverage="100%"/>
									</conditions>
								</line>
								<line number="202" hits="5" branch="false"/>
								<line number="203" hits="5" branch="false"/>
								<line number="207" hits="5" branch="false"/>
								<line number="209" hits="5" branch="true" condition-coverage="50% (1/2)">
									<conditions>
										<condition number="0" type="jump" coverage="50%"/>
									</conditions>
								</line>
								<line number="212" hits="5" branch="false"/>
								<line number="215" hits="5" branch="true" condition-coverage="50% (1/2)">
									<conditions>
										<condition number="0" type="jump" coverage="50%"/>
									</conditions>
								</line>
								<line number="216" hits="0" branch="false"/>
								<line number="218" hits="5" branch="false"/>
							</lines>
						</method>
						<method name="sparqlDropGraph" signature="(Ljava/lang/String;)V" line-rate="0.9090909090909091" branch-rate="0.75">
							<lines>
								<line number="222" hits="5" branch="false"/>
								<line number="225" hits="5" branch="false"/>
								<line number="226" hits="5" branch="false"/>
								<line number="227" hits="10" branch="true" condition-coverage="100% (2/2)">
									<conditions>
										<condition number="0" type="jump" coverage="100%"/>
									</conditions>
								</line>
								<line number="228" hits="5" branch="false"/>
								<line number="229" hits="5" branch="false"/>
								<line number="230" hits="5" branch="false"/>
								<line number="231" hits="5" branch="false"/>
								<line number="232" hits="5" branch="true" condition-coverage="50% (1/2)">
									<conditions>
										<condition number="0" type="jump" coverage="50%"/>
									</conditions>
								</line>
								<line number="233" hits="0" branch="false"/>
								<line number="235" hits="5" branch="false"/>
							</lines>
						</method>
						<method name="sparqlMerge" signature="(Ljava/lang/String;Ljava/lang/String;Ljava/lang/String;Ljava/lang/String;)Lde/tud/plt/r43ples/merge/MergeResult;" line-rate="0.0" branch-rate="0.0">
							<lines>
								<line number="265" hits="0" branch="false"/>
								<line number="268" hits="0" branch="false"/>
								<line number="270" hits="0" branch="true" condition-coverage="0% (0/2)">
									<conditions>
										<condition number="0" type="jump" coverage="0%"/>
									</conditions>
								</line>
								<line number="271" hits="0" branch="false"/>
								<line number="273" hits="0" branch="false"/>
								<line number="274" hits="0" branch="false"/>
								<line number="275" hits="0" branch="false"/>
								<line number="276" hits="0" branch="false"/>
								<line number="277" hits="0" branch="false"/>
								<line number="278" hits="0" branch="false"/>
								<line number="279" hits="0" branch="false"/>
								<line number="280" hits="0" branch="false"/>
								<line number="282" hits="0" branch="false"/>
								<line number="283" hits="0" branch="false"/>
								<line number="285" hits="0" branch="false"/>
								<line number="286" hits="0" branch="false"/>
								<line number="287" hits="0" branch="false"/>
								<line number="288" hits="0" branch="false"/>
								<line number="289" hits="0" branch="false"/>
								<line number="290" hits="0" branch="false"/>
								<line number="291" hits="0" branch="false"/>
								<line number="292" hits="0" branch="false"/>
								<line number="294" hits="0" branch="false"/>
								<line number="296" hits="0" branch="true" condition-coverage="0% (0/2)">
									<conditions>
										<condition number="0" type="jump" coverage="0%"/>
									</conditions>
								</line>
								<line number="297" hits="0" branch="false"/>
								<line number="298" hits="0" branch="false"/>
								<line number="303" hits="0" branch="true" condition-coverage="0% (0/2)">
									<conditions>
										<condition number="0" type="jump" coverage="0%"/>
									</conditions>
								</line>
								<line number="305" hits="0" branch="false"/>
								<line number="309" hits="0" branch="true" condition-coverage="0% (0/4)">
									<conditions>
										<condition number="0" type="jump" coverage="0%"/>
										<condition number="1" type="jump" coverage="0%"/>
									</conditions>
								</line>
								<line number="310" hits="0" branch="false"/>
								<line number="317" hits="0" branch="false"/>
								<line number="318" hits="0" branch="true" condition-coverage="0% (0/2)">
									<conditions>
										<condition number="0" type="jump" coverage="0%"/>
									</conditions>
								</line>
								<line number="320" hits="0" branch="false"/>
								<line number="324" hits="0" branch="false"/>
								<line number="333" hits="0" branch="false"/>
								<line number="334" hits="0" branch="true" condition-coverage="0% (0/2)">
									<conditions>
										<condition number="0" type="jump" coverage="0%"/>
									</conditions>
								</line>
								<line number="335" hits="0" branch="false"/>
								<line number="336" hits="0" branch="false"/>
								<line number="337" hits="0" branch="false"/>
								<line number="338" hits="0" branch="false"/>
								<line number="343" hits="0" branch="false"/>
								<line number="346" hits="0" branch="false"/>
								<line number="347" hits="0" branch="false"/>
								<line number="348" hits="0" branch="false"/>
								<line number="349" hits="0" branch="false"/>
								<line number="350" hits="0" branch="false"/>
								<line number="351" hits="0" branch="false"/>
								<line number="353" hits="0" branch="false"/>
								<line number="356" hits="0" branch="false"/>
								<line number="359" hits="0" branch="true" condition-coverage="0% (0/8)">
									<conditions>
										<condition number="0" type="jump" coverage="0%"/>
										<condition number="1" type="jump" coverage="0%"/>
										<condition number="2" type="jump" coverage="0%"/>
										<condition number="3" type="jump" coverage="0%"/>
									</conditions>
								</line>
								<line number="360" hits="0" branch="false"/>
								<line number="362" hits="0" branch="false"/>
								<line number="363" hits="0" branch="true" condition-coverage="0% (0/8)">
									<conditions>
										<condition number="0" type="jump" coverage="0%"/>
										<condition number="1" type="jump" coverage="0%"/>
										<condition number="2" type="jump" coverage="0%"/>
										<condition number="3" type="jump" coverage="0%"/>
									</conditions>
								</line>
								<line number="364" hits="0" branch="false"/>
								<line number="366" hits="0" branch="false"/>
								<line number="367" hits="0" branch="true" condition-coverage="0% (0/6)">
									<conditions>
										<condition number="0" type="jump" coverage="0%"/>
										<condition number="1" type="jump" coverage="0%"/>
										<condition number="2" type="jump" coverage="0%"/>
									</conditions>
								</line>
								<line number="368" hits="0" branch="false"/>
								<line number="370" hits="0" branch="false"/>
								<line number="371" hits="0" branch="true" condition-coverage="0% (0/6)">
									<conditions>
										<condition number="0" type="jump" coverage="0%"/>
										<condition number="1" type="jump" coverage="0%"/>
										<condition number="2" type="jump" coverage="0%"/>
									</conditions>
								</line>
								<line number="372" hits="0" branch="false"/>
								<line number="374" hits="0" branch="false"/>
								<line number="380" hits="0" branch="true" condition-coverage="0% (0/2)">
									<conditions>
										<condition number="0" type="jump" coverage="0%"/>
									</conditions>
								</line>
								<line number="383" hits="0" branch="false"/>
								<line number="384" hits="0" branch="false"/>
								<line number="389" hits="0" branch="false"/>
								<line number="391" hits="0" branch="false"/>
								<line number="392" hits="0" branch="false"/>
								<line number="394" hits="0" branch="false"/>
							</lines>
						</method>
						<method name="sparqlSelectConstructAsk" signature="(Ljava/lang/String;Ljava/lang/String;Ljava/lang/String;)Ljava/lang/String;" line-rate="0.7" branch-rate="0.75">
							<lines>
								<line number="37" hits="40" branch="true" condition-coverage="50% (1/2)">
									<conditions>
										<condition number="0" type="jump" coverage="50%"/>
									</conditions>
								</line>
								<line number="38" hits="0" branch="false"/>
								<line number="39" hits="0" branch="false"/>
								<line number="40" hits="0" branch="false"/>
								<line number="41" hits="40" branch="true" condition-coverage="100% (2/2)">
									<conditions>
										<condition number="0" type="jump" coverage="100%"/>
									</conditions>
								</line>
								<line number="42" hits="15" branch="false"/>
								<line number="43" hits="15" branch="false"/>
								<line number="44" hits="15" branch="false"/>
								<line number="46" hits="25" branch="false"/>
								<line number="48" hits="40" branch="false"/>
							</lines>
						</method>
						<method name="sparqlTagOrBranch" signature="(Ljava/lang/String;Ljava/lang/String;Ljava/lang/String;)V" line-rate="0.8888888888888888" branch-rate="0.75">
							<lines>
								<line number="239" hits="12" branch="false"/>
								<line number="242" hits="12" branch="false"/>
								<line number="244" hits="12" branch="false"/>
								<line number="245" hits="24" branch="true" condition-coverage="100% (2/2)">
									<conditions>
										<condition number="0" type="jump" coverage="100%"/>
									</conditions>
								</line>
								<line number="246" hits="12" branch="false"/>
								<line number="247" hits="12" branch="false"/>
								<line number="248" hits="12" branch="false"/>
								<line number="249" hits="12" branch="false"/>
								<line number="250" hits="12" branch="false"/>
								<line number="251" hits="12" branch="true" condition-coverage="100% (2/2)">
									<conditions>
										<condition number="0" type="jump" coverage="100%"/>
									</conditions>
								</line>
								<line number="252" hits="1" branch="false"/>
								<line number="253" hits="11" branch="true" condition-coverage="50% (1/2)">
									<conditions>
										<condition number="0" type="jump" coverage="50%"/>
									</conditions>
								</line>
								<line number="254" hits="11" branch="false"/>
								<line number="256" hits="0" branch="false"/>
								<line number="258" hits="12" branch="false"/>
								<line number="259" hits="12" branch="true" condition-coverage="50% (1/2)">
									<conditions>
										<condition number="0" type="jump" coverage="50%"/>
									</conditions>
								</line>
								<line number="260" hits="0" branch="false"/>
								<line number="262" hits="12" branch="false"/>
							</lines>
						</method>
						<method name="sparqlUpdate" signature="(Ljava/lang/String;Ljava/lang/String;Ljava/lang/String;)V" line-rate="0.9803921568627451" branch-rate="0.8571428571428571">
							<lines>
								<line number="100" hits="33" branch="false"/>
								<line number="103" hits="33" branch="false"/>
								<line number="106" hits="33" branch="false"/>
								<line number="109" hits="33" branch="false"/>
								<line number="113" hits="33" branch="false"/>
								<line number="114" hits="33" branch="false"/>
								<line number="115" hits="85" branch="true" condition-coverage="100% (2/2)">
									<conditions>
										<condition number="0" type="jump" coverage="100%"/>
									</conditions>
								</line>
								<line number="116" hits="52" branch="false"/>
								<line number="117" hits="52" branch="false"/>
								<line number="120" hits="52" branch="false"/>
								<line number="121" hits="52" branch="false"/>
								<line number="122" hits="52" branch="true" condition-coverage="100% (2/2)">
									<conditions>
										<condition number="0" type="jump" coverage="100%"/>
									</conditions>
								</line>
								<line number="123" hits="4" branch="false"/>
								<line number="125" hits="52" branch="false"/>
								<line number="126" hits="52" branch="false"/>
								<line number="127" hits="52" branch="false"/>
								<line number="128" hits="52" branch="true" condition-coverage="50% (1/2)">
									<conditions>
										<condition number="0" type="jump" coverage="50%"/>
									</conditions>
								</line>
								<line number="129" hits="0" branch="false"/>
								<line number="131" hits="52" branch="true" condition-coverage="100% (2/2)">
									<conditions>
										<condition number="0" type="jump" coverage="100%"/>
									</conditions>
								</line>
								<line number="132" hits="33" branch="false"/>
								<line number="133" hits="19" branch="true" condition-coverage="100% (2/2)">
									<conditions>
										<condition number="0" type="jump" coverage="100%"/>
									</conditions>
								</line>
								<line number="134" hits="17" branch="false"/>
								<line number="135" hits="2" branch="true" condition-coverage="50% (1/2)">
									<conditions>
										<condition number="0" type="jump" coverage="50%"/>
									</conditions>
								</line>
								<line number="137" hits="2" branch="false"/>
								<line number="138" hits="2" branch="false"/>
								<line number="139" hits="2" branch="false"/>
								<line number="141" hits="52" branch="false"/>
								<line number="142" hits="52" branch="false"/>
								<line number="145" hits="33" branch="false"/>
								<line number="146" hits="33" branch="false"/>
								<line number="148" hits="33" branch="false"/>
								<line number="150" hits="33" branch="false"/>
								<line number="151" hits="33" branch="false"/>
								<line number="152" hits="66" branch="true" condition-coverage="100% (2/2)">
									<conditions>
										<condition number="0" type="jump" coverage="100%"/>
									</conditions>
								</line>
								<line number="153" hits="33" branch="false"/>
								<line number="154" hits="33" branch="false"/>
								<line number="158" hits="33" branch="false"/>
								<line number="159" hits="33" branch="false"/>
								<line number="160" hits="33" branch="false"/>
								<line number="161" hits="33" branch="false"/>
								<line number="166" hits="33" branch="false"/>
								<line number="169" hits="33" branch="false"/>
								<line number="175" hits="33" branch="false"/>
								<line number="178" hits="33" branch="false"/>
								<line number="183" hits="33" branch="false"/>
								<line number="184" hits="33" branch="false"/>
								<line number="185" hits="33" branch="false"/>
								<line number="189" hits="33" branch="false"/>
								<line number="190" hits="33" branch="false"/>
								<line number="191" hits="33" branch="false"/>
								<line number="192" hits="33" branch="false"/>
							</lines>
						</method>
					</methods>
					<lines>
						<line number="19" hits="0" branch="false"/>
						<line number="22" hits="1" branch="false"/>
						<line number="37" hits="40" branch="true" condition-coverage="50% (1/2)">
							<conditions>
								<condition number="0" type="jump" coverage="50%"/>
							</conditions>
						</line>
						<line number="38" hits="0" branch="false"/>
						<line number="39" hits="0" branch="false"/>
						<line number="40" hits="0" branch="false"/>
						<line number="41" hits="40" branch="true" condition-coverage="100% (2/2)">
							<conditions>
								<condition number="0" type="jump" coverage="100%"/>
							</conditions>
						</line>
						<line number="42" hits="15" branch="false"/>
						<line number="43" hits="15" branch="false"/>
						<line number="44" hits="15" branch="false"/>
						<line number="46" hits="25" branch="false"/>
						<line number="48" hits="40" branch="false"/>
						<line number="58" hits="25" branch="false"/>
						<line number="62" hits="25" branch="false"/>
						<line number="64" hits="25" branch="false"/>
						<line number="65" hits="53" branch="true" condition-coverage="100% (2/2)">
							<conditions>
								<condition number="0" type="jump" coverage="100%"/>
							</conditions>
						</line>
						<line number="66" hits="28" branch="false"/>
						<line number="67" hits="28" branch="false"/>
						<line number="68" hits="28" branch="false"/>
						<line number="72" hits="28" branch="true" condition-coverage="50% (1/2)">
							<conditions>
								<condition number="0" type="jump" coverage="50%"/>
							</conditions>
						</line>
						<line number="73" hits="0" branch="false"/>
						<line number="75" hits="28" branch="true" condition-coverage="100% (2/2)">
							<conditions>
								<condition number="0" type="jump" coverage="100%"/>
							</conditions>
						</line>
						<line number="77" hits="3" branch="false"/>
						<line number="79" hits="25" branch="true" condition-coverage="100% (2/2)">
							<conditions>
								<condition number="0" type="jump" coverage="100%"/>
							</conditions>
						</line>
						<line number="80" hits="10" branch="false"/>
						<line number="83" hits="15" branch="false"/>
						<line number="84" hits="15" branch="false"/>
						<line number="88" hits="28" branch="false"/>
						<line number="89" hits="28" branch="false"/>
						<line number="91" hits="28" branch="false"/>
						<line number="92" hits="25" branch="false"/>
						<line number="93" hits="25" branch="false"/>
						<line number="100" hits="33" branch="false"/>
						<line number="103" hits="33" branch="false"/>
						<line number="106" hits="33" branch="false"/>
						<line number="109" hits="33" branch="false"/>
						<line number="113" hits="33" branch="false"/>
						<line number="114" hits="33" branch="false"/>
						<line number="115" hits="85" branch="true" condition-coverage="100% (2/2)">
							<conditions>
								<condition number="0" type="jump" coverage="100%"/>
							</conditions>
						</line>
						<line number="116" hits="52" branch="false"/>
						<line number="117" hits="52" branch="false"/>
						<line number="120" hits="52" branch="false"/>
						<line number="121" hits="52" branch="false"/>
						<line number="122" hits="52" branch="true" condition-coverage="100% (2/2)">
							<conditions>
								<condition number="0" type="jump" coverage="100%"/>
							</conditions>
						</line>
						<line number="123" hits="4" branch="false"/>
						<line number="125" hits="52" branch="false"/>
						<line number="126" hits="52" branch="false"/>
						<line number="127" hits="52" branch="false"/>
						<line number="128" hits="52" branch="true" condition-coverage="50% (1/2)">
							<conditions>
								<condition number="0" type="jump" coverage="50%"/>
							</conditions>
						</line>
						<line number="129" hits="0" branch="false"/>
						<line number="131" hits="52" branch="true" condition-coverage="100% (2/2)">
							<conditions>
								<condition number="0" type="jump" coverage="100%"/>
							</conditions>
						</line>
						<line number="132" hits="33" branch="false"/>
						<line number="133" hits="19" branch="true" condition-coverage="100% (2/2)">
							<conditions>
								<condition number="0" type="jump" coverage="100%"/>
							</conditions>
						</line>
						<line number="134" hits="17" branch="false"/>
						<line number="135" hits="2" branch="true" condition-coverage="50% (1/2)">
							<conditions>
								<condition number="0" type="jump" coverage="50%"/>
							</conditions>
						</line>
						<line number="137" hits="2" branch="false"/>
						<line number="138" hits="2" branch="false"/>
						<line number="139" hits="2" branch="false"/>
						<line number="141" hits="52" branch="false"/>
						<line number="142" hits="52" branch="false"/>
						<line number="145" hits="33" branch="false"/>
						<line number="146" hits="33" branch="false"/>
						<line number="148" hits="33" branch="false"/>
						<line number="150" hits="33" branch="false"/>
						<line number="151" hits="33" branch="false"/>
						<line number="152" hits="66" branch="true" condition-coverage="100% (2/2)">
							<conditions>
								<condition number="0" type="jump" coverage="100%"/>
							</conditions>
						</line>
						<line number="153" hits="33" branch="false"/>
						<line number="154" hits="33" branch="false"/>
						<line number="158" hits="33" branch="false"/>
						<line number="159" hits="33" branch="false"/>
						<line number="160" hits="33" branch="false"/>
						<line number="161" hits="33" branch="false"/>
						<line number="166" hits="33" branch="false"/>
						<line number="169" hits="33" branch="false"/>
						<line number="175" hits="33" branch="false"/>
						<line number="178" hits="33" branch="false"/>
						<line number="183" hits="33" branch="false"/>
						<line number="184" hits="33" branch="false"/>
						<line number="185" hits="33" branch="false"/>
						<line number="189" hits="33" branch="false"/>
						<line number="190" hits="33" branch="false"/>
						<line number="191" hits="33" branch="false"/>
						<line number="192" hits="33" branch="false"/>
						<line number="195" hits="5" branch="false"/>
						<line number="198" hits="5" branch="false"/>
						<line number="199" hits="5" branch="false"/>
						<line number="200" hits="5" branch="false"/>
						<line number="201" hits="10" branch="true" condition-coverage="100% (2/2)">
							<conditions>
								<condition number="0" type="jump" coverage="100%"/>
							</conditions>
						</line>
						<line number="202" hits="5" branch="false"/>
						<line number="203" hits="5" branch="false"/>
						<line number="207" hits="5" branch="false"/>
						<line number="209" hits="5" branch="true" condition-coverage="50% (1/2)">
							<conditions>
								<condition number="0" type="jump" coverage="50%"/>
							</conditions>
						</line>
						<line number="212" hits="5" branch="false"/>
						<line number="215" hits="5" branch="true" condition-coverage="50% (1/2)">
							<conditions>
								<condition number="0" type="jump" coverage="50%"/>
							</conditions>
						</line>
						<line number="216" hits="0" branch="false"/>
						<line number="218" hits="5" branch="false"/>
						<line number="222" hits="5" branch="false"/>
						<line number="225" hits="5" branch="false"/>
						<line number="226" hits="5" branch="false"/>
						<line number="227" hits="10" branch="true" condition-coverage="100% (2/2)">
							<conditions>
								<condition number="0" type="jump" coverage="100%"/>
							</conditions>
						</line>
						<line number="228" hits="5" branch="false"/>
						<line number="229" hits="5" branch="false"/>
						<line number="230" hits="5" branch="false"/>
						<line number="231" hits="5" branch="false"/>
						<line number="232" hits="5" branch="true" condition-coverage="50% (1/2)">
							<conditions>
								<condition number="0" type="jump" coverage="50%"/>
							</conditions>
						</line>
						<line number="233" hits="0" branch="false"/>
						<line number="235" hits="5" branch="false"/>
						<line number="239" hits="12" branch="false"/>
						<line number="242" hits="12" branch="false"/>
						<line number="244" hits="12" branch="false"/>
						<line number="245" hits="24" branch="true" condition-coverage="100% (2/2)">
							<conditions>
								<condition number="0" type="jump" coverage="100%"/>
							</conditions>
						</line>
						<line number="246" hits="12" branch="false"/>
						<line number="247" hits="12" branch="false"/>
						<line number="248" hits="12" branch="false"/>
						<line number="249" hits="12" branch="false"/>
						<line number="250" hits="12" branch="false"/>
						<line number="251" hits="12" branch="true" condition-coverage="100% (2/2)">
							<conditions>
								<condition number="0" type="jump" coverage="100%"/>
							</conditions>
						</line>
						<line number="252" hits="1" branch="false"/>
						<line number="253" hits="11" branch="true" condition-coverage="50% (1/2)">
							<conditions>
								<condition number="0" type="jump" coverage="50%"/>
							</conditions>
						</line>
						<line number="254" hits="11" branch="false"/>
						<line number="256" hits="0" branch="false"/>
						<line number="258" hits="12" branch="false"/>
						<line number="259" hits="12" branch="true" condition-coverage="50% (1/2)">
							<conditions>
								<condition number="0" type="jump" coverage="50%"/>
							</conditions>
						</line>
						<line number="260" hits="0" branch="false"/>
						<line number="262" hits="12" branch="false"/>
						<line number="265" hits="0" branch="false"/>
						<line number="268" hits="0" branch="false"/>
						<line number="270" hits="0" branch="true" condition-coverage="0% (0/2)">
							<conditions>
								<condition number="0" type="jump" coverage="0%"/>
							</conditions>
						</line>
						<line number="271" hits="0" branch="false"/>
						<line number="273" hits="0" branch="false"/>
						<line number="274" hits="0" branch="false"/>
						<line number="275" hits="0" branch="false"/>
						<line number="276" hits="0" branch="false"/>
						<line number="277" hits="0" branch="false"/>
						<line number="278" hits="0" branch="false"/>
						<line number="279" hits="0" branch="false"/>
						<line number="280" hits="0" branch="false"/>
						<line number="282" hits="0" branch="false"/>
						<line number="283" hits="0" branch="false"/>
						<line number="285" hits="0" branch="false"/>
						<line number="286" hits="0" branch="false"/>
						<line number="287" hits="0" branch="false"/>
						<line number="288" hits="0" branch="false"/>
						<line number="289" hits="0" branch="false"/>
						<line number="290" hits="0" branch="false"/>
						<line number="291" hits="0" branch="false"/>
						<line number="292" hits="0" branch="false"/>
						<line number="294" hits="0" branch="false"/>
						<line number="296" hits="0" branch="true" condition-coverage="0% (0/2)">
							<conditions>
								<condition number="0" type="jump" coverage="0%"/>
							</conditions>
						</line>
						<line number="297" hits="0" branch="false"/>
						<line number="298" hits="0" branch="false"/>
						<line number="303" hits="0" branch="true" condition-coverage="0% (0/2)">
							<conditions>
								<condition number="0" type="jump" coverage="0%"/>
							</conditions>
						</line>
						<line number="305" hits="0" branch="false"/>
						<line number="309" hits="0" branch="true" condition-coverage="0% (0/4)">
							<conditions>
								<condition number="0" type="jump" coverage="0%"/>
								<condition number="1" type="jump" coverage="0%"/>
							</conditions>
						</line>
						<line number="310" hits="0" branch="false"/>
						<line number="317" hits="0" branch="false"/>
						<line number="318" hits="0" branch="true" condition-coverage="0% (0/2)">
							<conditions>
								<condition number="0" type="jump" coverage="0%"/>
							</conditions>
						</line>
						<line number="320" hits="0" branch="false"/>
						<line number="324" hits="0" branch="false"/>
						<line number="333" hits="0" branch="false"/>
						<line number="334" hits="0" branch="true" condition-coverage="0% (0/2)">
							<conditions>
								<condition number="0" type="jump" coverage="0%"/>
							</conditions>
						</line>
						<line number="335" hits="0" branch="false"/>
						<line number="336" hits="0" branch="false"/>
						<line number="337" hits="0" branch="false"/>
						<line number="338" hits="0" branch="false"/>
						<line number="343" hits="0" branch="false"/>
						<line number="346" hits="0" branch="false"/>
						<line number="347" hits="0" branch="false"/>
						<line number="348" hits="0" branch="false"/>
						<line number="349" hits="0" branch="false"/>
						<line number="350" hits="0" branch="false"/>
						<line number="351" hits="0" branch="false"/>
						<line number="353" hits="0" branch="false"/>
						<line number="356" hits="0" branch="false"/>
						<line number="359" hits="0" branch="true" condition-coverage="0% (0/8)">
							<conditions>
								<condition number="0" type="jump" coverage="0%"/>
								<condition number="1" type="jump" coverage="0%"/>
								<condition number="2" type="jump" coverage="0%"/>
								<condition number="3" type="jump" coverage="0%"/>
							</conditions>
						</line>
						<line number="360" hits="0" branch="false"/>
						<line number="362" hits="0" branch="false"/>
						<line number="363" hits="0" branch="true" condition-coverage="0% (0/8)">
							<conditions>
								<condition number="0" type="jump" coverage="0%"/>
								<condition number="1" type="jump" coverage="0%"/>
								<condition number="2" type="jump" coverage="0%"/>
								<condition number="3" type="jump" coverage="0%"/>
							</conditions>
						</line>
						<line number="364" hits="0" branch="false"/>
						<line number="366" hits="0" branch="false"/>
						<line number="367" hits="0" branch="true" condition-coverage="0% (0/6)">
							<conditions>
								<condition number="0" type="jump" coverage="0%"/>
								<condition number="1" type="jump" coverage="0%"/>
								<condition number="2" type="jump" coverage="0%"/>
							</conditions>
						</line>
						<line number="368" hits="0" branch="false"/>
						<line number="370" hits="0" branch="false"/>
						<line number="371" hits="0" branch="true" condition-coverage="0% (0/6)">
							<conditions>
								<condition number="0" type="jump" coverage="0%"/>
								<condition number="1" type="jump" coverage="0%"/>
								<condition number="2" type="jump" coverage="0%"/>
							</conditions>
						</line>
						<line number="372" hits="0" branch="false"/>
						<line number="374" hits="0" branch="false"/>
						<line number="380" hits="0" branch="true" condition-coverage="0% (0/2)">
							<conditions>
								<condition number="0" type="jump" coverage="0%"/>
							</conditions>
						</line>
						<line number="383" hits="0" branch="false"/>
						<line number="384" hits="0" branch="false"/>
						<line number="389" hits="0" branch="false"/>
						<line number="391" hits="0" branch="false"/>
						<line number="392" hits="0" branch="false"/>
						<line number="394" hits="0" branch="false"/>
					</lines>
				</class>
				<class name="de.tud.plt.r43ples.management.JenaModelManagement" filename="de/tud/plt/r43ples/management/JenaModelManagement.java" line-rate="0.0" branch-rate="1.0" complexity="2.0">
					<methods>
						<method name="&lt;init&gt;" signature="()V" line-rate="0.0" branch-rate="1.0">
							<lines>
								<line number="13" hits="0" branch="false"/>
							</lines>
						</method>
						<method name="convertJenaModelToNTriple" signature="(Lcom/hp/hpl/jena/rdf/model/Model;)Ljava/lang/String;" line-rate="0.0" branch-rate="1.0">
							<lines>
								<line number="76" hits="0" branch="false"/>
								<line number="77" hits="0" branch="false"/>
								<line number="80" hits="0" branch="false"/>
								<line number="81" hits="0" branch="false"/>
								<line number="82" hits="0" branch="false"/>
								<line number="83" hits="0" branch="false"/>
							</lines>
						</method>
						<method name="readNTripleStringToJenaModel" signature="(Ljava/lang/String;)Lcom/hp/hpl/jena/rdf/model/Model;" line-rate="0.0" branch-rate="1.0">
							<lines>
								<line number="64" hits="0" branch="false"/>
							</lines>
						</method>
						<method name="readStringToJenaModel" signature="(Ljava/lang/String;Ljava/lang/String;)Lcom/hp/hpl/jena/rdf/model/Model;" line-rate="0.0" branch-rate="1.0">
							<lines>
								<line number="44" hits="0" branch="false"/>
								<line number="45" hits="0" branch="false"/>
								<line number="46" hits="0" branch="false"/>
								<line number="48" hits="0" branch="false"/>
								<line number="49" hits="0" branch="false"/>
								<line number="50" hits="0" branch="false"/>
								<line number="51" hits="0" branch="false"/>
								<line number="53" hits="0" branch="false"/>
							</lines>
						</method>
						<method name="readTurtleFileToJenaModel" signature="(Ljava/lang/String;)Lcom/hp/hpl/jena/rdf/model/Model;" line-rate="0.0" branch-rate="1.0">
							<lines>
								<line number="22" hits="0" branch="false"/>
								<line number="23" hits="0" branch="false"/>
								<line number="24" hits="0" branch="false"/>
								<line number="26" hits="0" branch="false"/>
								<line number="27" hits="0" branch="false"/>
								<line number="28" hits="0" branch="false"/>
								<line number="29" hits="0" branch="false"/>
								<line number="31" hits="0" branch="false"/>
							</lines>
						</method>
					</methods>
					<lines>
						<line number="13" hits="0" branch="false"/>
						<line number="22" hits="0" branch="false"/>
						<line number="23" hits="0" branch="false"/>
						<line number="24" hits="0" branch="false"/>
						<line number="26" hits="0" branch="false"/>
						<line number="27" hits="0" branch="false"/>
						<line number="28" hits="0" branch="false"/>
						<line number="29" hits="0" branch="false"/>
						<line number="31" hits="0" branch="false"/>
						<line number="44" hits="0" branch="false"/>
						<line number="45" hits="0" branch="false"/>
						<line number="46" hits="0" branch="false"/>
						<line number="48" hits="0" branch="false"/>
						<line number="49" hits="0" branch="false"/>
						<line number="50" hits="0" branch="false"/>
						<line number="51" hits="0" branch="false"/>
						<line number="53" hits="0" branch="false"/>
						<line number="64" hits="0" branch="false"/>
						<line number="76" hits="0" branch="false"/>
						<line number="77" hits="0" branch="false"/>
						<line number="80" hits="0" branch="false"/>
						<line number="81" hits="0" branch="false"/>
						<line number="82" hits="0" branch="false"/>
						<line number="83" hits="0" branch="false"/>
					</lines>
				</class>
				<class name="de.tud.plt.r43ples.management.ResourceManagement" filename="de/tud/plt/r43ples/management/ResourceManagement.java" line-rate="0.2" branch-rate="1.0" complexity="3.0">
					<methods>
						<method name="&lt;init&gt;" signature="()V" line-rate="0.0" branch-rate="1.0">
							<lines>
								<line number="7" hits="0" branch="false"/>
							</lines>
						</method>
						<method name="getContentFromResource" signature="(Ljava/lang/String;)Ljava/lang/String;" line-rate="0.25" branch-rate="1.0">
							<lines>
								<line number="10" hits="99" branch="false"/>
								<line number="11" hits="0" branch="false"/>
								<line number="12" hits="0" branch="false"/>
								<line number="13" hits="0" branch="false"/>
							</lines>
						</method>
					</methods>
					<lines>
						<line number="7" hits="0" branch="false"/>
						<line number="10" hits="99" branch="false"/>
						<line number="11" hits="0" branch="false"/>
						<line number="12" hits="0" branch="false"/>
						<line number="13" hits="0" branch="false"/>
					</lines>
				</class>
				<class name="de.tud.plt.r43ples.management.RevisionManagement" filename="de/tud/plt/r43ples/management/RevisionManagement.java" line-rate="0.832089552238806" branch-rate="0.6794871794871795" complexity="2.6857142857142855">
					<methods>
						<method name="&lt;clinit&gt;" signature="()V" line-rate="1.0" branch-rate="1.0">
							<lines>
								<line number="36" hits="1" branch="false"/>
							</lines>
						</method>
						<method name="&lt;init&gt;" signature="()V" line-rate="0.0" branch-rate="1.0">
							<lines>
								<line number="33" hits="0" branch="false"/>
							</lines>
						</method>
						<method name="addMetaInformationForNewRevision" signature="(Ljava/lang/String;Ljava/lang/String;Ljava/lang/String;Ljava/util/ArrayList;Ljava/lang/String;Ljava/lang/String;Ljava/lang/String;)V" line-rate="1.0" branch-rate="1.0">
							<lines>
								<line number="222" hits="66" branch="false"/>
								<line number="223" hits="66" branch="false"/>
								<line number="224" hits="66" branch="false"/>
								<line number="225" hits="66" branch="false"/>
								<line number="226" hits="66" branch="false"/>
								<line number="229" hits="66" branch="false"/>
								<line number="230" hits="66" branch="false"/>
								<line number="233" hits="66" branch="true" condition-coverage="100% (2/2)">
									<conditions>
										<condition number="0" type="jump" coverage="100%"/>
									</conditions>
								</line>
								<line number="234" hits="66" branch="false"/>
								<line number="235" hits="66" branch="false"/>
								<line number="236" hits="66" branch="false"/>
								<line number="239" hits="66" branch="false"/>
								<line number="247" hits="66" branch="true" condition-coverage="100% (2/2)">
									<conditions>
										<condition number="0" type="jump" coverage="100%"/>
									</conditions>
								</line>
								<line number="248" hits="66" branch="false"/>
								<line number="249" hits="66" branch="false"/>
								<line number="250" hits="66" branch="false"/>
								<line number="251" hits="66" branch="false"/>
								<line number="255" hits="66" branch="false"/>
								<line number="258" hits="66" branch="false"/>
								<line number="259" hits="66" branch="false"/>
								<line number="261" hits="66" branch="false"/>
								<line number="270" hits="66" branch="false"/>
								<line number="271" hits="66" branch="false"/>
								<line number="273" hits="66" branch="false"/>
								<line number="275" hits="66" branch="false"/>
								<line number="279" hits="66" branch="false"/>
								<line number="280" hits="66" branch="false"/>
								<line number="281" hits="66" branch="false"/>
							</lines>
						</method>
						<method name="checkGraphExistence" signature="(Ljava/lang/String;)Z" line-rate="1.0" branch-rate="1.0">
							<lines>
								<line number="396" hits="70" branch="false"/>
								<line number="397" hits="70" branch="false"/>
							</lines>
						</method>
						<method name="checkReferenceNameExistence" signature="(Ljava/lang/String;Ljava/lang/String;)Z" line-rate="1.0" branch-rate="1.0">
							<lines>
								<line number="938" hits="20" branch="false"/>
								<line number="942" hits="20" branch="false"/>
							</lines>
						</method>
						<method name="createBranch" signature="(Ljava/lang/String;Ljava/lang/String;Ljava/lang/String;Ljava/lang/String;Ljava/lang/String;)V" line-rate="1.0" branch-rate="1.0">
							<lines>
								<line number="323" hits="14" branch="false"/>
								<line number="324" hits="14" branch="false"/>
							</lines>
						</method>
						<method name="createNewRevision" signature="(Ljava/lang/String;Ljava/lang/String;Ljava/lang/String;Ljava/lang/String;Ljava/lang/String;Ljava/lang/String;)Ljava/lang/String;" line-rate="1.0" branch-rate="1.0">
							<lines>
								<line number="115" hits="33" branch="false"/>
								<line number="116" hits="33" branch="false"/>
								<line number="117" hits="33" branch="false"/>
							</lines>
						</method>
						<method name="createNewRevision" signature="(Ljava/lang/String;Ljava/lang/String;Ljava/lang/String;Ljava/lang/String;Ljava/lang/String;Ljava/util/ArrayList;)Ljava/lang/String;" line-rate="1.0" branch-rate="0.625">
							<lines>
								<line number="144" hits="33" branch="false"/>
								<line number="147" hits="33" branch="false"/>
								<line number="148" hits="33" branch="false"/>
								<line number="149" hits="33" branch="false"/>
								<line number="150" hits="33" branch="false"/>
								<line number="153" hits="33" branch="false"/>
								<line number="157" hits="33" branch="true" condition-coverage="75% (3/4)">
									<conditions>
										<condition number="0" type="jump" coverage="50%"/>
										<condition number="1" type="jump" coverage="100%"/>
									</conditions>
								</line>
								<line number="158" hits="22" branch="false"/>
								<line number="160" hits="33" branch="true" condition-coverage="50% (2/4)">
									<conditions>
										<condition number="0" type="jump" coverage="50%"/>
										<condition number="1" type="jump" coverage="50%"/>
									</conditions>
								</line>
								<line number="161" hits="33" branch="false"/>
								<line number="165" hits="33" branch="true" condition-coverage="50% (2/4)">
									<conditions>
										<condition number="0" type="jump" coverage="50%"/>
										<condition number="1" type="jump" coverage="50%"/>
									</conditions>
								</line>
								<line number="166" hits="33" branch="false"/>
								<line number="167" hits="33" branch="false"/>
								<line number="169" hits="33" branch="false"/>
								<line number="173" hits="33" branch="true" condition-coverage="75% (3/4)">
									<conditions>
										<condition number="0" type="jump" coverage="50%"/>
										<condition number="1" type="jump" coverage="100%"/>
									</conditions>
								</line>
								<line number="174" hits="22" branch="false"/>
								<line number="175" hits="22" branch="false"/>
								<line number="177" hits="22" branch="false"/>
								<line number="198" hits="33" branch="false"/>
							</lines>
						</method>
						<method name="createReference" signature="(Ljava/lang/String;Ljava/lang/String;Ljava/lang/String;Ljava/lang/String;Ljava/lang/String;Ljava/lang/String;)V" line-rate="0.875" branch-rate="0.75">
							<lines>
								<line number="347" hits="20" branch="false"/>
								<line number="350" hits="20" branch="true" condition-coverage="50% (1/2)">
									<conditions>
										<condition number="0" type="jump" coverage="50%"/>
									</conditions>
								</line>
								<line number="352" hits="0" branch="false"/>
								<line number="354" hits="0" branch="false"/>
								<line number="358" hits="20" branch="false"/>
								<line number="359" hits="20" branch="false"/>
								<line number="360" hits="20" branch="false"/>
								<line number="361" hits="20" branch="true" condition-coverage="100% (2/2)">
									<conditions>
										<condition number="0" type="jump" coverage="100%"/>
									</conditions>
								</line>
								<line number="362" hits="20" branch="false"/>
								<line number="363" hits="20" branch="false"/>
								<line number="366" hits="20" branch="false"/>
								<line number="372" hits="20" branch="false"/>
								<line number="377" hits="20" branch="false"/>
								<line number="380" hits="20" branch="false"/>
								<line number="382" hits="20" branch="false"/>
								<line number="384" hits="20" branch="false"/>
							</lines>
						</method>
						<method name="createTag" signature="(Ljava/lang/String;Ljava/lang/String;Ljava/lang/String;Ljava/lang/String;Ljava/lang/String;)V" line-rate="1.0" branch-rate="1.0">
							<lines>
								<line number="302" hits="6" branch="false"/>
								<line number="303" hits="6" branch="false"/>
							</lines>
						</method>
						<method name="executeDELETE" signature="(Ljava/lang/String;Ljava/lang/String;)V" line-rate="1.0" branch-rate="1.0">
							<lines>
								<line number="717" hits="22" branch="false"/>
								<line number="719" hits="22" branch="false"/>
								<line number="720" hits="22" branch="false"/>
							</lines>
						</method>
						<method name="executeINSERT" signature="(Ljava/lang/String;Ljava/lang/String;)V" line-rate="1.0" branch-rate="1.0">
							<lines>
								<line number="704" hits="88" branch="false"/>
								<line number="706" hits="88" branch="false"/>
								<line number="707" hits="88" branch="false"/>
							</lines>
						</method>
[...]
								<line number="452" hits="17" branch="true" condition-coverage="100% (2/2)">
									<conditions>
										<condition number="0" type="jump" coverage="100%"/>
									</conditions>
								</line>
								<line number="453" hits="5" branch="false"/>
								<line number="454" hits="5" branch="false"/>
								<line number="456" hits="12" branch="true" condition-coverage="50% (1/2)">
									<conditions>
										<condition number="0" type="jump" coverage="50%"/>
									</conditions>
								</line>
								<line number="457" hits="12" branch="false"/>
								<line number="458" hits="12" branch="false"/>
								<line number="461" hits="0" branch="false"/>
								<line number="463" hits="95" branch="false"/>
								<line number="464" hits="95" branch="true" condition-coverage="100% (2/2)">
									<conditions>
										<condition number="0" type="jump" coverage="100%"/>
									</conditions>
								</line>
								<line number="465" hits="50" branch="false"/>
								<line number="467" hits="45" branch="false"/>
								<line number="469" hits="95" branch="false"/>
								<line number="470" hits="95" branch="false"/>
								<line number="471" hits="95" branch="false"/>
							</lines>
						</method>
						<method name="sparql" signature="(Ljava/lang/String;Ljava/lang/String;)Ljavax/ws/rs/core/Response;" line-rate="1.0" branch-rate="1.0">
							<lines>
								<line number="344" hits="76" branch="false"/>
							</lines>
						</method>
						<method name="sparql" signature="(Ljava/lang/String;Ljava/lang/String;Ljava/lang/String;)Ljavax/ws/rs/core/Response;" line-rate="0.8" branch-rate="0.75">
							<lines>
								<line number="312" hits="96" branch="true" condition-coverage="100% (2/2)">
									<conditions>
										<condition number="0" type="jump" coverage="100%"/>
									</conditions>
								</line>
								<line number="313" hits="1" branch="true" condition-coverage="50% (1/2)">
									<conditions>
										<condition number="0" type="jump" coverage="50%"/>
									</conditions>
								</line>
								<line number="314" hits="1" branch="false"/>
								<line number="316" hits="0" branch="false"/>
								<line number="319" hits="95" branch="false"/>
							</lines>
						</method>
						<method name="sparql" signature="(Ljava/lang/String;Ljava/lang/String;Z)Ljavax/ws/rs/core/Response;" line-rate="1.0" branch-rate="1.0">
							<lines>
								<line number="324" hits="20" branch="true" condition-coverage="100% (2/2)">
									<conditions>
										<condition number="0" type="jump" coverage="100%"/>
									</conditions>
								</line>
								<line number="325" hits="15" branch="false"/>
								<line number="327" hits="5" branch="false"/>
							</lines>
						</method>
						<method name="sparqlGET" signature="(Ljava/lang/String;Ljava/lang/String;Ljava/lang/String;Z)Ljavax/ws/rs/core/Response;" line-rate="0.0" branch-rate="0.0">
							<lines>
								<line number="239" hits="0" branch="true" condition-coverage="0% (0/2)">
									<conditions>
										<condition number="0" type="jump" coverage="0%"/>
									</conditions>
								</line>
								<line number="243" hits="0" branch="false"/>
								<line number="244" hits="0" branch="false"/>
								<line number="245" hits="0" branch="false"/>
								<line number="246" hits="0" branch="false"/>
								<line number="247" hits="0" branch="false"/>
								<line number="248" hits="0" branch="false"/>
							</lines>
						</method>
						<method name="sparqlPOST" signature="(Ljava/lang/String;Ljava/lang/String;Ljava/lang/String;Ljava/lang/String;)Ljavax/ws/rs/core/Response;" line-rate="0.0" branch-rate="0.0">
							<lines>
								<line number="212" hits="0" branch="true" condition-coverage="0% (0/2)">
									<conditions>
										<condition number="0" type="jump" coverage="0%"/>
									</conditions>
								</line>
								<line number="213" hits="0" branch="false"/>
							</lines>
						</method>
					</methods>
					<lines>
						<line number="63" hits="34" branch="false"/>
						<line number="65" hits="34" branch="false"/>
						<line number="67" hits="34" branch="false"/>
						<line number="70" hits="34" branch="false"/>
						<line number="73" hits="34" branch="false"/>
						<line number="76" hits="34" branch="false"/>
						<line number="79" hits="34" branch="false"/>
						<line number="82" hits="34" branch="false"/>
						<line number="86" hits="34" branch="false"/>
						<line number="89" hits="34" branch="false"/>
						<line number="101" hits="34" branch="false"/>
						<line number="102" hits="34" branch="false"/>
						<line number="103" hits="34" branch="false"/>
						<line number="104" hits="34" branch="false"/>
						<line number="105" hits="34" branch="false"/>
						<line number="109" hits="1" branch="false"/>
						<line number="122" hits="0" branch="false"/>
						<line number="123" hits="0" branch="true" condition-coverage="0% (0/4)">
							<conditions>
								<condition number="0" type="jump" coverage="0%"/>
								<condition number="1" type="jump" coverage="0%"/>
							</conditions>
						</line>
						<line number="124" hits="0" branch="false"/>
						<line number="126" hits="0" branch="true" condition-coverage="0% (0/4)">
							<conditions>
								<condition number="0" type="jump" coverage="0%"/>
								<condition number="1" type="jump" coverage="0%"/>
							</conditions>
						</line>
						<line number="127" hits="0" branch="false"/>
						<line number="129" hits="0" branch="true" condition-coverage="0% (0/4)">
							<conditions>
								<condition number="0" type="jump" coverage="0%"/>
								<condition number="1" type="jump" coverage="0%"/>
							</conditions>
						</line>
						<line number="130" hits="0" branch="false"/>
						<line number="132" hits="0" branch="true" condition-coverage="0% (0/4)">
							<conditions>
								<condition number="0" type="jump" coverage="0%"/>
								<condition number="1" type="jump" coverage="0%"/>
							</conditions>
						</line>
						<line number="133" hits="0" branch="false"/>
						<line number="135" hits="0" branch="true" condition-coverage="0% (0/4)">
							<conditions>
								<condition number="0" type="jump" coverage="0%"/>
								<condition number="1" type="jump" coverage="0%"/>
							</conditions>
						</line>
						<line number="136" hits="0" branch="false"/>
						<line number="138" hits="0" branch="true" condition-coverage="0% (0/4)">
							<conditions>
								<condition number="0" type="jump" coverage="0%"/>
								<condition number="1" type="jump" coverage="0%"/>
							</conditions>
						</line>
						<line number="139" hits="0" branch="false"/>
						<line number="141" hits="0" branch="false"/>
						<line number="142" hits="0" branch="false"/>
						<line number="159" hits="0" branch="false"/>
						<line number="160" hits="0" branch="true" condition-coverage="0% (0/2)">
							<conditions>
								<condition number="0" type="jump" coverage="0%"/>
							</conditions>
						</line>
						<line number="161" hits="0" branch="false"/>
						<line number="163" hits="0" branch="false"/>
						<line number="164" hits="0" branch="true" condition-coverage="0% (0/2)">
							<conditions>
								<condition number="0" type="jump" coverage="0%"/>
							</conditions>
						</line>
						<line number="165" hits="0" branch="false"/>
						<line number="166" hits="0" branch="false"/>
						<line number="167" hits="0" branch="true" condition-coverage="0% (0/2)">
							<conditions>
								<condition number="0" type="jump" coverage="0%"/>
							</conditions>
						</line>
						<line number="168" hits="0" branch="false"/>
						<line number="171" hits="0" branch="false"/>
						<line number="172" hits="0" branch="false"/>
						<line number="174" hits="0" branch="false"/>
						<line number="187" hits="0" branch="false"/>
						<line number="188" hits="0" branch="true" condition-coverage="0% (0/2)">
							<conditions>
								<condition number="0" type="jump" coverage="0%"/>
							</conditions>
						</line>
						<line number="189" hits="0" branch="false"/>
						<line number="190" hits="0" branch="false"/>
						<line number="212" hits="0" branch="true" condition-coverage="0% (0/2)">
							<conditions>
								<condition number="0" type="jump" coverage="0%"/>
							</conditions>
						</line>
						<line number="213" hits="0" branch="false"/>
						<line number="239" hits="0" branch="true" condition-coverage="0% (0/2)">
							<conditions>
								<condition number="0" type="jump" coverage="0%"/>
							</conditions>
						</line>
						<line number="243" hits="0" branch="false"/>
						<line number="244" hits="0" branch="false"/>
						<line number="245" hits="0" branch="false"/>
						<line number="246" hits="0" branch="false"/>
						<line number="247" hits="0" branch="false"/>
						<line number="248" hits="0" branch="false"/>
						<line number="255" hits="0" branch="true" condition-coverage="0% (0/2)">
							<conditions>
								<condition number="0" type="jump" coverage="0%"/>
							</conditions>
						</line>
						<line number="256" hits="0" branch="false"/>
						<line number="258" hits="0" branch="false"/>
						<line number="259" hits="0" branch="true" condition-coverage="0% (0/2)">
							<conditions>
								<condition number="0" type="jump" coverage="0%"/>
							</conditions>
						</line>
						<line number="260" hits="0" branch="false"/>
						<line number="261" hits="0" branch="false"/>
						<line number="264" hits="0" branch="false"/>
						<line number="265" hits="0" branch="false"/>
						<line number="279" hits="0" branch="false"/>
						<line number="280" hits="0" branch="false"/>
						<line number="292" hits="0" branch="false"/>
						<line number="293" hits="0" branch="false"/>
						<line number="294" hits="0" branch="false"/>
						<line number="312" hits="96" branch="true" condition-coverage="100% (2/2)">
							<conditions>
								<condition number="0" type="jump" coverage="100%"/>
							</conditions>
						</line>
						<line number="313" hits="1" branch="true" condition-coverage="50% (1/2)">
							<conditions>
								<condition number="0" type="jump" coverage="50%"/>
							</conditions>
						</line>
						<line number="314" hits="1" branch="false"/>
						<line number="316" hits="0" branch="false"/>
						<line number="319" hits="95" branch="false"/>
						<line number="324" hits="20" branch="true" condition-coverage="100% (2/2)">
							<conditions>
								<condition number="0" type="jump" coverage="100%"/>
							</conditions>
						</line>
						<line number="325" hits="15" branch="false"/>
						<line number="327" hits="5" branch="false"/>
						<line number="344" hits="76" branch="false"/>
						<line number="355" hits="1" branch="false"/>
						<line number="356" hits="1" branch="false"/>
						<line number="358" hits="1" branch="false"/>
						<line number="359" hits="1" branch="false"/>
						<line number="360" hits="1" branch="false"/>
						<line number="362" hits="1" branch="false"/>
						<line number="363" hits="1" branch="false"/>
						<line number="364" hits="1" branch="false"/>
						<line number="366" hits="1" branch="false"/>
						<line number="368" hits="1" branch="false"/>
						<line number="379" hits="0" branch="false"/>
						<line number="380" hits="0" branch="false"/>
						<line number="381" hits="0" branch="false"/>
						<line number="382" hits="0" branch="false"/>
						<line number="383" hits="0" branch="false"/>
						<line number="384" hits="0" branch="false"/>
						<line number="385" hits="0" branch="false"/>
						<line number="386" hits="0" branch="false"/>
						<line number="387" hits="0" branch="false"/>
						<line number="388" hits="0" branch="false"/>
						<line number="390" hits="0" branch="false"/>
						<line number="391" hits="0" branch="false"/>
						<line number="402" hits="50" branch="false"/>
						<line number="403" hits="50" branch="false"/>
						<line number="404" hits="50" branch="false"/>
						<line number="405" hits="50" branch="false"/>
						<line number="406" hits="50" branch="false"/>
						<line number="407" hits="50" branch="false"/>
						<line number="408" hits="50" branch="false"/>
						<line number="423" hits="95" branch="false"/>
						<line number="424" hits="95" branch="false"/>
						<line number="425" hits="95" branch="false"/>
						<line number="426" hits="95" branch="true" condition-coverage="100% (2/2)">
							<conditions>
								<condition number="0" type="jump" coverage="100%"/>
							</conditions>
						</line>
						<line number="427" hits="45" branch="false"/>
						<line number="428" hits="45" branch="false"/>
						<line number="430" hits="95" branch="false"/>
						<line number="431" hits="95" branch="false"/>
						<line number="432" hits="95" branch="true" condition-coverage="100% (2/2)">
							<conditions>
								<condition number="0" type="jump" coverage="100%"/>
							</conditions>
						</line>
						<line number="433" hits="45" branch="false"/>
						<line number="434" hits="45" branch="false"/>
						<line number="438" hits="95" branch="true" condition-coverage="100% (2/2)">
							<conditions>
								<condition number="0" type="jump" coverage="100%"/>
							</conditions>
						</line>
						<line number="439" hits="40" branch="false"/>
						<line number="441" hits="55" branch="true" condition-coverage="100% (2/2)">
							<conditions>
								<condition number="0" type="jump" coverage="100%"/>
							</conditions>
						</line>
						<line number="442" hits="33" branch="false"/>
						<line number="443" hits="33" branch="false"/>
						<line number="445" hits="22" branch="true" condition-coverage="100% (2/2)">
							<conditions>
								<condition number="0" type="jump" coverage="100%"/>
							</conditions>
						</line>
						<line number="446" hits="5" branch="false"/>
						<line number="447" hits="5" branch="false"/>
						<line number="448" hits="5" branch="false"/>
						<line number="449" hits="17" branch="true" condition-coverage="50% (1/2)">
							<conditions>
								<condition number="0" type="jump" coverage="50%"/>
							</conditions>
						</line>
						<line number="450" hits="0" branch="false"/>
						<line number="452" hits="17" branch="true" condition-coverage="100% (2/2)">
							<conditions>
								<condition number="0" type="jump" coverage="100%"/>
							</conditions>
						</line>
						<line number="453" hits="5" branch="false"/>
						<line number="454" hits="5" branch="false"/>
						<line number="456" hits="12" branch="true" condition-coverage="50% (1/2)">
							<conditions>
								<condition number="0" type="jump" coverage="50%"/>
							</conditions>
						</line>
						<line number="457" hits="12" branch="false"/>
						<line number="458" hits="12" branch="false"/>
						<line number="461" hits="0" branch="false"/>
						<line number="463" hits="95" branch="false"/>
						<line number="464" hits="95" branch="true" condition-coverage="100% (2/2)">
							<conditions>
								<condition number="0" type="jump" coverage="100%"/>
							</conditions>
						</line>
						<line number="465" hits="50" branch="false"/>
						<line number="467" hits="45" branch="false"/>
						<line number="469" hits="95" branch="false"/>
						<line number="470" hits="95" branch="false"/>
						<line number="471" hits="95" branch="false"/>
						<line number="488" hits="0" branch="false"/>
						<line number="489" hits="0" branch="false"/>
						<line number="505" hits="0" branch="false"/>
						<line number="506" hits="0" branch="false"/>
						<line number="508" hits="0" branch="true" condition-coverage="0% (0/2)">
							<conditions>
								<condition number="0" type="jump" coverage="0%"/>
							</conditions>
						</line>
						<line number="509" hits="0" branch="false"/>
						<line number="510" hits="0" branch="true" condition-coverage="0% (0/2)">
							<conditions>
								<condition number="0" type="jump" coverage="0%"/>
							</conditions>
						</line>
						<line number="511" hits="0" branch="false"/>
						<line number="512" hits="0" branch="true" condition-coverage="0% (0/2)">
							<conditions>
								<condition number="0" type="jump" coverage="0%"/>
							</conditions>
						</line>
						<line number="513" hits="0" branch="false"/>
						<line number="516" hits="0" branch="false"/>
						<line number="518" hits="0" branch="false"/>
						<line number="519" hits="0" branch="false"/>
						<line number="520" hits="0" branch="false"/>
						<line number="522" hits="0" branch="false"/>
						<line number="537" hits="0" branch="false"/>
						<line number="538" hits="0" branch="false"/>
						<line number="540" hits="0" branch="false"/>
						<line number="542" hits="0" branch="true" condition-coverage="0% (0/2)">
							<conditions>
								<condition number="0" type="jump" coverage="0%"/>
							</conditions>
						</line>
						<line number="543" hits="0" branch="false"/>
						<line number="544" hits="0" branch="false"/>
						<line number="548" hits="0" branch="false"/>
						<line number="549" hits="0" branch="false"/>
						<line number="550" hits="0" branch="false"/>
						<line number="551" hits="0" branch="false"/>
						<line number="552" hits="0" branch="false"/>
						<line number="555" hits="0" branch="false"/>
						<line number="556" hits="0" branch="false"/>
						<line number="558" hits="0" branch="true" condition-coverage="0% (0/2)">
							<conditions>
								<condition number="0" type="jump" coverage="0%"/>
							</conditions>
						</line>
						<line number="560" hits="0" branch="false"/>
						<line number="561" hits="0" branch="false"/>
						<line number="562" hits="0" branch="false"/>
						<line number="565" hits="0" branch="false"/>
					</lines>
				</class>
				<class name="de.tud.plt.r43ples.webservice.ExceptionMapper" filename="de/tud/plt/r43ples/webservice/ExceptionMapper.java" line-rate="0.0" branch-rate="1.0" complexity="1.0">
					<methods>
						<method name="&lt;clinit&gt;" signature="()V" line-rate="0.0" branch-rate="1.0">
							<lines>
								<line number="24" hits="0" branch="false"/>
							</lines>
						</method>
						<method name="&lt;init&gt;" signature="()V" line-rate="0.0" branch-rate="1.0">
							<lines>
								<line number="22" hits="0" branch="false"/>
							</lines>
						</method>
						<method name="toResponse" signature="(Ljava/lang/Throwable;)Ljavax/ws/rs/core/Response;" line-rate="0.0" branch-rate="1.0">
							<lines>
								<line number="31" hits="0" branch="false"/>
								<line number="33" hits="0" branch="false"/>
								<line number="34" hits="0" branch="false"/>
								<line number="35" hits="0" branch="false"/>
								<line number="37" hits="0" branch="false"/>
								<line number="38" hits="0" branch="false"/>
								<line number="39" hits="0" branch="false"/>
								<line number="40" hits="0" branch="false"/>
								<line number="41" hits="0" branch="false"/>
								<line number="43" hits="0" branch="false"/>
								<line number="44" hits="0" branch="false"/>
								<line number="46" hits="0" branch="false"/>
							</lines>
						</method>
					</methods>
					<lines>
						<line number="22" hits="0" branch="false"/>
						<line number="24" hits="0" branch="false"/>
						<line number="31" hits="0" branch="false"/>
						<line number="33" hits="0" branch="false"/>
						<line number="34" hits="0" branch="false"/>
						<line number="35" hits="0" branch="false"/>
						<line number="37" hits="0" branch="false"/>
						<line number="38" hits="0" branch="false"/>
						<line number="39" hits="0" branch="false"/>
						<line number="40" hits="0" branch="false"/>
						<line number="41" hits="0" branch="false"/>
						<line number="43" hits="0" branch="false"/>
						<line number="44" hits="0" branch="false"/>
						<line number="46" hits="0" branch="false"/>
					</lines>
				</class>
			</classes>
		</package>
	</packages>
</coverage>
